MONGODB [WARNING] Please note that logging negatively impacts client-side performance. You should set your logging level no lower than :info in production.
MONGODB admin['$cmd'].find({:ismaster=>1}).limit(-1)
MONGODB [WARNING] Please note that logging negatively impacts client-side performance. You should set your logging level no lower than :info in production.
MONGODB admin['$cmd'].find({:ismaster=>1}).limit(-1)
MONGODB tb['system.namespaces'].find({})
MONGODB tb['system.indexes'].insert([{:name=>"nick_name_1", :ns=>"tb.users", :key=>{"nick_name"=>1}, :unique=>true}])
MONGODB tb['system.indexes'].insert([{:name=>"nick_name_1", :ns=>"tb.users", :key=>{"nick_name"=>1}, :unique=>true}])
MONGODB tb['users'].find({:userid=>"1985841963"}).limit(-1).sort([[:_id, :asc]])
MONGODB tb['system.namespaces'].find({})
MONGODB tb['system.indexes'].insert([{:name=>"item_id_1", :ns=>"tb.shares", :key=>{"item_id"=>1}, :background=>true}])
MONGODB tb['system.indexes'].insert([{:name=>"item_id_1", :ns=>"tb.shares", :key=>{"item_id"=>1}, :background=>true}])
MONGODB tb['system.indexes'].insert([{:name=>"user_id_1", :ns=>"tb.shares", :key=>{"user_id"=>1}, :background=>true}])
MONGODB tb['system.indexes'].insert([{:name=>"item_id_1", :ns=>"tb.shares", :key=>{"item_id"=>1}, :background=>true}])
MONGODB tb['system.indexes'].insert([{:name=>"user_id_1", :ns=>"tb.shares", :key=>{"user_id"=>1}, :background=>true}])
MONGODB tb['system.indexes'].insert([{:name=>"seller_id_1", :ns=>"tb.shares", :key=>{"seller_id"=>1}, :background=>true}])
MONGODB tb['system.namespaces'].find({})
MONGODB tb['system.indexes'].insert([{:name=>"user_id_1", :ns=>"tb.choices", :key=>{"user_id"=>1}, :background=>true}])
MONGODB tb['system.indexes'].insert([{:name=>"nick_name_1", :ns=>"tb.users", :key=>{"nick_name"=>1}, :unique=>true}])
MONGODB tb['$cmd'].find({"count"=>"users", "query"=>{:nick_name=>nil}, "fields"=>nil}).limit(-1)
MONGODB tb['system.indexes'].insert([{:name=>"nick_name_1", :ns=>"tb.users", :key=>{"nick_name"=>1}, :unique=>true}])
MONGODB tb['users'].insert([{"_id"=>BSON::ObjectId('4f3d886f01c10536db000001'), "userid"=>"1985841963"}])
MONGODB tb['system.namespaces'].find({})
MONGODB tb['system.indexes'].insert([{:name=>"nick_name_1", :ns=>"tb.users", :key=>{"nick_name"=>1}, :unique=>true}])
MONGODB tb['system.indexes'].insert([{:name=>"nick_name_1", :ns=>"tb.users", :key=>{"nick_name"=>1}, :unique=>true}])
MONGODB tb['users'].find({:_id=>BSON::ObjectId('4f3d886f01c10536db000001')}).limit(-1).sort([[:_id, :asc]])
MONGODB tb['system.indexes'].insert([{:name=>"nick_name_1", :ns=>"tb.users", :key=>{"nick_name"=>1}, :unique=>true}])
MONGODB tb['users'].find({:_id=>BSON::ObjectId('4f3d886f01c10536db000001')}).limit(-1).sort([[:_id, :asc]])
MONGODB tb['system.namespaces'].find({})
MONGODB tb['system.indexes'].insert([{:name=>"nick_name_1", :ns=>"tb.users", :key=>{"nick_name"=>1}, :unique=>true}])
MONGODB tb['system.namespaces'].find({})
MONGODB tb['system.indexes'].insert([{:name=>"nick_name_1", :ns=>"tb.users", :key=>{"nick_name"=>1}, :unique=>true}])
MONGODB tb['system.namespaces'].find({})
MONGODB tb['system.indexes'].insert([{:name=>"nick_name_1", :ns=>"tb.users", :key=>{"nick_name"=>1}, :unique=>true}])
MONGODB tb['system.namespaces'].find({})
MONGODB tb['system.indexes'].insert([{:name=>"nick_name_1", :ns=>"tb.users", :key=>{"nick_name"=>1}, :unique=>true}])
MONGODB tb['system.namespaces'].find({})
MONGODB tb['system.indexes'].insert([{:name=>"nick_name_1", :ns=>"tb.users", :key=>{"nick_name"=>1}, :unique=>true}])
MONGODB tb['system.namespaces'].find({})
MONGODB tb['system.indexes'].insert([{:name=>"nick_name_1", :ns=>"tb.users", :key=>{"nick_name"=>1}, :unique=>true}])
MONGODB tb['system.indexes'].insert([{:name=>"nick_name_1", :ns=>"tb.users", :key=>{"nick_name"=>1}, :unique=>true}])
MONGODB tb['users'].find({:_id=>BSON::ObjectId('4f3d886f01c10536db000001')}).limit(-1).sort([[:_id, :asc]])
MONGODB tb['system.namespaces'].find({})
MONGODB tb['system.indexes'].insert([{:name=>"item_id_1", :ns=>"tb.shares", :key=>{"item_id"=>1}, :background=>true}])
MONGODB tb['system.indexes'].insert([{:name=>"item_id_1", :ns=>"tb.shares", :key=>{"item_id"=>1}, :background=>true}])
MONGODB tb['system.indexes'].insert([{:name=>"user_id_1", :ns=>"tb.shares", :key=>{"user_id"=>1}, :background=>true}])
MONGODB tb['system.indexes'].insert([{:name=>"item_id_1", :ns=>"tb.shares", :key=>{"item_id"=>1}, :background=>true}])
MONGODB tb['system.indexes'].insert([{:name=>"user_id_1", :ns=>"tb.shares", :key=>{"user_id"=>1}, :background=>true}])
MONGODB tb['system.indexes'].insert([{:name=>"seller_id_1", :ns=>"tb.shares", :key=>{"seller_id"=>1}, :background=>true}])
MONGODB tb['system.namespaces'].find({})
MONGODB tb['system.indexes'].insert([{:name=>"user_id_1", :ns=>"tb.choices", :key=>{"user_id"=>1}, :background=>true}])
MONGODB tb['system.indexes'].insert([{:name=>"nick_name_1", :ns=>"tb.users", :key=>{"nick_name"=>1}, :unique=>true}])
MONGODB tb['$cmd'].find({"count"=>"users", "query"=>{:nick_name=>"jcheng无敌", :_id=>{"$ne"=>BSON::ObjectId('4f3d886f01c10536db000001')}}, "fields"=>nil}).limit(-1)
MONGODB tb['system.indexes'].insert([{:name=>"nick_name_1", :ns=>"tb.users", :key=>{"nick_name"=>1}, :unique=>true}])
MONGODB tb['users'].update({"_id"=>BSON::ObjectId('4f3d886f01c10536db000001')}, {"$set"=>{"nick_name"=>"jcheng无敌", "email"=>"jackie.f.cheng@gmail.com", "password"=>"$2a$10$33XdUcdihWlvUV1Z3VhBle14OqdbxMcuIjra.qbKGMT.MLfvbwUJu", "password_salt"=>"$2a$10$33XdUcdihWlvUV1Z3VhBle"}})
MONGODB tb['system.namespaces'].find({})
MONGODB tb['system.indexes'].insert([{:name=>"nick_name_1", :ns=>"tb.users", :key=>{"nick_name"=>1}, :unique=>true}])
MONGODB tb['system.indexes'].insert([{:name=>"nick_name_1", :ns=>"tb.users", :key=>{"nick_name"=>1}, :unique=>true}])
MONGODB tb['users'].find({:_id=>BSON::ObjectId('4f3d886f01c10536db000001')}).limit(-1).sort([[:_id, :asc]])
MONGODB tb['system.namespaces'].find({})
MONGODB tb['system.indexes'].insert([{:name=>"following_id_1", :ns=>"tb.follows", :key=>{"following_id"=>1}, :unique=>false}])
MONGODB tb['system.indexes'].insert([{:name=>"following_id_1", :ns=>"tb.follows", :key=>{"following_id"=>1}, :unique=>false}])
MONGODB tb['system.indexes'].insert([{:name=>"user_id_1", :ns=>"tb.follows", :key=>{"user_id"=>1}, :unique=>false}])
MONGODB tb['system.indexes'].insert([{:name=>"following_id_1", :ns=>"tb.follows", :key=>{"following_id"=>1}, :unique=>false}])
MONGODB tb['system.indexes'].insert([{:name=>"user_id_1", :ns=>"tb.follows", :key=>{"user_id"=>1}, :unique=>false}])
MONGODB tb['follows'].find({:user_id=>BSON::ObjectId('4f3d886f01c10536db000001')})
MONGODB tb['system.indexes'].insert([{:name=>"following_id_1", :ns=>"tb.follows", :key=>{"following_id"=>1}, :unique=>false}])
MONGODB tb['system.indexes'].insert([{:name=>"user_id_1", :ns=>"tb.follows", :key=>{"user_id"=>1}, :unique=>false}])
MONGODB tb['follows'].find({:following_id=>BSON::ObjectId('4f3d886f01c10536db000001')})
MONGODB tb['system.namespaces'].find({})
MONGODB tb['system.indexes'].insert([{:name=>"item_id_1", :ns=>"tb.shares", :key=>{"item_id"=>1}, :background=>true}])
MONGODB tb['system.indexes'].insert([{:name=>"item_id_1", :ns=>"tb.shares", :key=>{"item_id"=>1}, :background=>true}])
MONGODB tb['system.indexes'].insert([{:name=>"user_id_1", :ns=>"tb.shares", :key=>{"user_id"=>1}, :background=>true}])
MONGODB tb['system.indexes'].insert([{:name=>"item_id_1", :ns=>"tb.shares", :key=>{"item_id"=>1}, :background=>true}])
MONGODB tb['system.indexes'].insert([{:name=>"user_id_1", :ns=>"tb.shares", :key=>{"user_id"=>1}, :background=>true}])
MONGODB tb['system.indexes'].insert([{:name=>"seller_id_1", :ns=>"tb.shares", :key=>{"seller_id"=>1}, :background=>true}])
MONGODB tb['system.indexes'].insert([{:name=>"item_id_1", :ns=>"tb.shares", :key=>{"item_id"=>1}, :background=>true}])
MONGODB tb['system.indexes'].insert([{:name=>"user_id_1", :ns=>"tb.shares", :key=>{"user_id"=>1}, :background=>true}])
MONGODB tb['system.indexes'].insert([{:name=>"seller_id_1", :ns=>"tb.shares", :key=>{"seller_id"=>1}, :background=>true}])
MONGODB tb['shares'].find({"user_id"=>BSON::ObjectId('4f3d886f01c10536db000001')})
MONGODB tb['system.namespaces'].find({})
MONGODB tb['system.indexes'].insert([{:name=>"user_id_1", :ns=>"tb.choices", :key=>{"user_id"=>1}, :background=>true}])
MONGODB tb['system.indexes'].insert([{:name=>"user_id_1", :ns=>"tb.choices", :key=>{"user_id"=>1}, :background=>true}])
MONGODB tb['choices'].find({:user_id=>BSON::ObjectId('4f3d886f01c10536db000001'), :type=>"LIK"})
MONGODB tb['system.indexes'].insert([{:name=>"user_id_1", :ns=>"tb.choices", :key=>{"user_id"=>1}, :background=>true}])
MONGODB tb['choices'].find({:user_id=>BSON::ObjectId('4f3d886f01c10536db000001'), :type=>"WSH"})
MONGODB tb['system.indexes'].insert([{:name=>"user_id_1", :ns=>"tb.choices", :key=>{"user_id"=>1}, :background=>true}])
MONGODB tb['choices'].find({:user_id=>BSON::ObjectId('4f3d886f01c10536db000001'), :type=>"RCM"})
MONGODB tb['system.namespaces'].find({})
MONGODB tb['system.indexes'].insert([{:name=>"object_id_type_1", :ns=>"tb.notifications", :key=>{"object_id_type"=>1}, :unique=>false}])
MONGODB tb['system.indexes'].insert([{:name=>"object_id_type_1", :ns=>"tb.notifications", :key=>{"object_id_type"=>1}, :unique=>false}])
MONGODB tb['system.indexes'].insert([{:name=>"receiver_id_1", :ns=>"tb.notifications", :key=>{"receiver_id"=>1}, :unique=>false}])
MONGODB tb['system.indexes'].insert([{:name=>"object_id_type_1", :ns=>"tb.notifications", :key=>{"object_id_type"=>1}, :unique=>false}])
MONGODB tb['system.indexes'].insert([{:name=>"receiver_id_1", :ns=>"tb.notifications", :key=>{"receiver_id"=>1}, :unique=>false}])
MONGODB tb['notifications'].find({:receiver_id=>BSON::ObjectId('4f3d886f01c10536db000001')})
MONGODB tb['system.indexes'].insert([{:name=>"nick_name_1", :ns=>"tb.users", :key=>{"nick_name"=>1}, :unique=>true}])
MONGODB tb['users'].find({:_id=>BSON::ObjectId('4f3d886f01c10536db000001')}).limit(-1).sort([[:_id, :asc]])
MONGODB tb['system.namespaces'].find({})
MONGODB tb['system.indexes'].insert([{:name=>"nick_name_1", :ns=>"tb.users", :key=>{"nick_name"=>1}, :unique=>true}])
MONGODB tb['system.indexes'].insert([{:name=>"nick_name_1", :ns=>"tb.users", :key=>{"nick_name"=>1}, :unique=>true}])
MONGODB tb['users'].find({:_id=>BSON::ObjectId('4f3d886f01c10536db000001')}).limit(-1).sort([[:_id, :asc]])
MONGODB tb['system.namespaces'].find({})
MONGODB tb['system.indexes'].insert([{:name=>"following_id_1", :ns=>"tb.follows", :key=>{"following_id"=>1}, :unique=>false}])
MONGODB tb['system.indexes'].insert([{:name=>"following_id_1", :ns=>"tb.follows", :key=>{"following_id"=>1}, :unique=>false}])
MONGODB tb['system.indexes'].insert([{:name=>"user_id_1", :ns=>"tb.follows", :key=>{"user_id"=>1}, :unique=>false}])
MONGODB tb['system.indexes'].insert([{:name=>"following_id_1", :ns=>"tb.follows", :key=>{"following_id"=>1}, :unique=>false}])
MONGODB tb['system.indexes'].insert([{:name=>"user_id_1", :ns=>"tb.follows", :key=>{"user_id"=>1}, :unique=>false}])
MONGODB tb['follows'].find({:user_id=>BSON::ObjectId('4f3d886f01c10536db000001')})
MONGODB tb['system.indexes'].insert([{:name=>"following_id_1", :ns=>"tb.follows", :key=>{"following_id"=>1}, :unique=>false}])
MONGODB tb['system.indexes'].insert([{:name=>"user_id_1", :ns=>"tb.follows", :key=>{"user_id"=>1}, :unique=>false}])
MONGODB tb['follows'].find({:following_id=>BSON::ObjectId('4f3d886f01c10536db000001')})
MONGODB tb['system.namespaces'].find({})
MONGODB tb['system.indexes'].insert([{:name=>"item_id_1", :ns=>"tb.shares", :key=>{"item_id"=>1}, :background=>true}])
MONGODB tb['system.indexes'].insert([{:name=>"item_id_1", :ns=>"tb.shares", :key=>{"item_id"=>1}, :background=>true}])
MONGODB tb['system.indexes'].insert([{:name=>"user_id_1", :ns=>"tb.shares", :key=>{"user_id"=>1}, :background=>true}])
MONGODB tb['system.indexes'].insert([{:name=>"item_id_1", :ns=>"tb.shares", :key=>{"item_id"=>1}, :background=>true}])
MONGODB tb['system.indexes'].insert([{:name=>"user_id_1", :ns=>"tb.shares", :key=>{"user_id"=>1}, :background=>true}])
MONGODB tb['system.indexes'].insert([{:name=>"seller_id_1", :ns=>"tb.shares", :key=>{"seller_id"=>1}, :background=>true}])
MONGODB tb['system.indexes'].insert([{:name=>"item_id_1", :ns=>"tb.shares", :key=>{"item_id"=>1}, :background=>true}])
MONGODB tb['system.indexes'].insert([{:name=>"user_id_1", :ns=>"tb.shares", :key=>{"user_id"=>1}, :background=>true}])
MONGODB tb['system.indexes'].insert([{:name=>"seller_id_1", :ns=>"tb.shares", :key=>{"seller_id"=>1}, :background=>true}])
MONGODB tb['shares'].find({"user_id"=>BSON::ObjectId('4f3d886f01c10536db000001')})
MONGODB tb['system.namespaces'].find({})
MONGODB tb['system.indexes'].insert([{:name=>"user_id_1", :ns=>"tb.choices", :key=>{"user_id"=>1}, :background=>true}])
MONGODB tb['system.indexes'].insert([{:name=>"user_id_1", :ns=>"tb.choices", :key=>{"user_id"=>1}, :background=>true}])
MONGODB tb['choices'].find({:user_id=>BSON::ObjectId('4f3d886f01c10536db000001'), :type=>"LIK"})
MONGODB tb['system.indexes'].insert([{:name=>"user_id_1", :ns=>"tb.choices", :key=>{"user_id"=>1}, :background=>true}])
MONGODB tb['choices'].find({:user_id=>BSON::ObjectId('4f3d886f01c10536db000001'), :type=>"WSH"})
MONGODB tb['system.indexes'].insert([{:name=>"user_id_1", :ns=>"tb.choices", :key=>{"user_id"=>1}, :background=>true}])
MONGODB tb['choices'].find({:user_id=>BSON::ObjectId('4f3d886f01c10536db000001'), :type=>"RCM"})
MONGODB tb['system.namespaces'].find({})
MONGODB tb['system.indexes'].insert([{:name=>"object_id_type_1", :ns=>"tb.notifications", :key=>{"object_id_type"=>1}, :unique=>false}])
MONGODB tb['system.indexes'].insert([{:name=>"object_id_type_1", :ns=>"tb.notifications", :key=>{"object_id_type"=>1}, :unique=>false}])
MONGODB tb['system.indexes'].insert([{:name=>"receiver_id_1", :ns=>"tb.notifications", :key=>{"receiver_id"=>1}, :unique=>false}])
MONGODB tb['system.indexes'].insert([{:name=>"object_id_type_1", :ns=>"tb.notifications", :key=>{"object_id_type"=>1}, :unique=>false}])
MONGODB tb['system.indexes'].insert([{:name=>"receiver_id_1", :ns=>"tb.notifications", :key=>{"receiver_id"=>1}, :unique=>false}])
MONGODB tb['notifications'].find({:receiver_id=>BSON::ObjectId('4f3d886f01c10536db000001')})
MONGODB tb['system.indexes'].insert([{:name=>"nick_name_1", :ns=>"tb.users", :key=>{"nick_name"=>1}, :unique=>true}])
MONGODB tb['users'].find({:_id=>BSON::ObjectId('4f3d886f01c10536db000001')}).limit(-1).sort([[:_id, :asc]])
MONGODB tb['system.namespaces'].find({})
MONGODB tb['system.indexes'].insert([{:name=>"nick_name_1", :ns=>"tb.users", :key=>{"nick_name"=>1}, :unique=>true}])
MONGODB tb['system.indexes'].insert([{:name=>"nick_name_1", :ns=>"tb.users", :key=>{"nick_name"=>1}, :unique=>true}])
MONGODB tb['users'].find({:_id=>BSON::ObjectId('4f3d886f01c10536db000001')}).limit(-1).sort([[:_id, :asc]])
MONGODB tb['system.namespaces'].find({})
MONGODB tb['system.indexes'].insert([{:name=>"object_id_type_1", :ns=>"tb.notifications", :key=>{"object_id_type"=>1}, :unique=>false}])
MONGODB tb['system.indexes'].insert([{:name=>"object_id_type_1", :ns=>"tb.notifications", :key=>{"object_id_type"=>1}, :unique=>false}])
MONGODB tb['system.indexes'].insert([{:name=>"receiver_id_1", :ns=>"tb.notifications", :key=>{"receiver_id"=>1}, :unique=>false}])
MONGODB tb['system.indexes'].insert([{:name=>"object_id_type_1", :ns=>"tb.notifications", :key=>{"object_id_type"=>1}, :unique=>false}])
MONGODB tb['system.indexes'].insert([{:name=>"receiver_id_1", :ns=>"tb.notifications", :key=>{"receiver_id"=>1}, :unique=>false}])
MONGODB tb['notifications'].find({:receiver_id=>BSON::ObjectId('4f3d886f01c10536db000001'), :type=>"SHR"})
MONGODB [WARNING] Please note that logging negatively impacts client-side performance. You should set your logging level no lower than :info in production.
MONGODB admin['$cmd'].find({:ismaster=>1}).limit(-1)
MONGODB tb['system.namespaces'].find({})
MONGODB tb['system.indexes'].insert([{:name=>"nick_name_1", :ns=>"tb.users", :key=>{"nick_name"=>1}, :unique=>true}])
MONGODB tb['system.namespaces'].find({})
MONGODB tb['system.indexes'].insert([{:name=>"nick_name_1", :ns=>"tb.users", :key=>{"nick_name"=>1}, :unique=>true}])
MONGODB tb['system.indexes'].insert([{:name=>"nick_name_1", :ns=>"tb.users", :key=>{"nick_name"=>1}, :unique=>true}])
MONGODB tb['users'].find({:userid=>"1836258752"}).limit(-1).sort([[:_id, :asc]])
MONGODB tb['system.namespaces'].find({})
MONGODB tb['system.indexes'].insert([{:name=>"nick_name_1", :ns=>"tb.users", :key=>{"nick_name"=>1}, :unique=>true}])
MONGODB tb['system.indexes'].insert([{:name=>"nick_name_1", :ns=>"tb.users", :key=>{"nick_name"=>1}, :unique=>true}])
MONGODB tb['users'].find({:_id=>BSON::ObjectId('4f3965e101c10531fa000001')}).limit(-1).sort([[:_id, :asc]])
MONGODB tb['system.namespaces'].find({})
MONGODB tb['system.indexes'].insert([{:name=>"object_id_type_1", :ns=>"tb.notifications", :key=>{"object_id_type"=>1}, :unique=>false}])
MONGODB tb['system.indexes'].insert([{:name=>"object_id_type_1", :ns=>"tb.notifications", :key=>{"object_id_type"=>1}, :unique=>false}])
MONGODB tb['system.indexes'].insert([{:name=>"receiver_id_1", :ns=>"tb.notifications", :key=>{"receiver_id"=>1}, :unique=>false}])
MONGODB tb['system.indexes'].insert([{:name=>"object_id_type_1", :ns=>"tb.notifications", :key=>{"object_id_type"=>1}, :unique=>false}])
MONGODB tb['system.indexes'].insert([{:name=>"receiver_id_1", :ns=>"tb.notifications", :key=>{"receiver_id"=>1}, :unique=>false}])
MONGODB tb['notifications'].find({:receiver_id=>BSON::ObjectId('4f3965e101c10531fa000001'), :type=>"SHR"})
MONGODB tb['system.namespaces'].find({})
MONGODB tb['system.indexes'].insert([{:name=>"nick_name_1", :ns=>"tb.users", :key=>{"nick_name"=>1}, :unique=>true}])
MONGODB tb['system.indexes'].insert([{:name=>"nick_name_1", :ns=>"tb.users", :key=>{"nick_name"=>1}, :unique=>true}])
MONGODB tb['users'].find({:_id=>BSON::ObjectId('4f3965e101c10531fa000001')}).limit(-1).sort([[:_id, :asc]])
MONGODB tb['system.namespaces'].find({})
MONGODB tb['system.indexes'].insert([{:name=>"item_id_1", :ns=>"tb.shares", :key=>{"item_id"=>1}, :background=>true}])
MONGODB tb['system.indexes'].insert([{:name=>"item_id_1", :ns=>"tb.shares", :key=>{"item_id"=>1}, :background=>true}])
MONGODB tb['system.indexes'].insert([{:name=>"user_id_1", :ns=>"tb.shares", :key=>{"user_id"=>1}, :background=>true}])
MONGODB tb['system.indexes'].insert([{:name=>"item_id_1", :ns=>"tb.shares", :key=>{"item_id"=>1}, :background=>true}])
MONGODB tb['system.indexes'].insert([{:name=>"user_id_1", :ns=>"tb.shares", :key=>{"user_id"=>1}, :background=>true}])
MONGODB tb['system.indexes'].insert([{:name=>"seller_id_1", :ns=>"tb.shares", :key=>{"seller_id"=>1}, :background=>true}])
MONGODB tb['system.indexes'].insert([{:name=>"item_id_1", :ns=>"tb.shares", :key=>{"item_id"=>1}, :background=>true}])
MONGODB tb['system.indexes'].insert([{:name=>"user_id_1", :ns=>"tb.shares", :key=>{"user_id"=>1}, :background=>true}])
MONGODB tb['system.indexes'].insert([{:name=>"seller_id_1", :ns=>"tb.shares", :key=>{"seller_id"=>1}, :background=>true}])
MONGODB tb['shares'].find({"user_id"=>BSON::ObjectId('4f3965e101c10531fa000001')})
MONGODB tb['system.namespaces'].find({})
MONGODB tb['system.indexes'].insert([{:name=>"nick_name_1", :ns=>"tb.users", :key=>{"nick_name"=>1}, :unique=>true}])
MONGODB tb['system.indexes'].insert([{:name=>"nick_name_1", :ns=>"tb.users", :key=>{"nick_name"=>1}, :unique=>true}])
MONGODB tb['users'].find({:_id=>BSON::ObjectId('4f3965e101c10531fa000001')}).limit(-1).sort([[:_id, :asc]])
MONGODB tb['system.namespaces'].find({})
MONGODB tb['system.indexes'].insert([{:name=>"object_id_type_1", :ns=>"tb.notifications", :key=>{"object_id_type"=>1}, :unique=>false}])
MONGODB tb['system.indexes'].insert([{:name=>"object_id_type_1", :ns=>"tb.notifications", :key=>{"object_id_type"=>1}, :unique=>false}])
MONGODB tb['system.indexes'].insert([{:name=>"receiver_id_1", :ns=>"tb.notifications", :key=>{"receiver_id"=>1}, :unique=>false}])
MONGODB tb['system.indexes'].insert([{:name=>"object_id_type_1", :ns=>"tb.notifications", :key=>{"object_id_type"=>1}, :unique=>false}])
MONGODB tb['system.indexes'].insert([{:name=>"receiver_id_1", :ns=>"tb.notifications", :key=>{"receiver_id"=>1}, :unique=>false}])
MONGODB tb['notifications'].find({:receiver_id=>BSON::ObjectId('4f3965e101c10531fa000001'), :type=>"SHR"})
MONGODB tb['system.namespaces'].find({})
MONGODB tb['system.indexes'].insert([{:name=>"nick_name_1", :ns=>"tb.users", :key=>{"nick_name"=>1}, :unique=>true}])
MONGODB tb['system.indexes'].insert([{:name=>"nick_name_1", :ns=>"tb.users", :key=>{"nick_name"=>1}, :unique=>true}])
MONGODB tb['users'].find({:userid=>"1836258752"}).limit(-1).sort([[:_id, :asc]])
MONGODB tb['system.namespaces'].find({})
MONGODB tb['system.indexes'].insert([{:name=>"nick_name_1", :ns=>"tb.users", :key=>{"nick_name"=>1}, :unique=>true}])
MONGODB tb['system.indexes'].insert([{:name=>"nick_name_1", :ns=>"tb.users", :key=>{"nick_name"=>1}, :unique=>true}])
MONGODB tb['users'].find({:_id=>BSON::ObjectId('4f3965e101c10531fa000001')}).limit(-1).sort([[:_id, :asc]])
MONGODB tb['system.namespaces'].find({})
MONGODB tb['system.indexes'].insert([{:name=>"object_id_type_1", :ns=>"tb.notifications", :key=>{"object_id_type"=>1}, :unique=>false}])
MONGODB tb['system.indexes'].insert([{:name=>"object_id_type_1", :ns=>"tb.notifications", :key=>{"object_id_type"=>1}, :unique=>false}])
MONGODB tb['system.indexes'].insert([{:name=>"receiver_id_1", :ns=>"tb.notifications", :key=>{"receiver_id"=>1}, :unique=>false}])
MONGODB tb['system.indexes'].insert([{:name=>"object_id_type_1", :ns=>"tb.notifications", :key=>{"object_id_type"=>1}, :unique=>false}])
MONGODB tb['system.indexes'].insert([{:name=>"receiver_id_1", :ns=>"tb.notifications", :key=>{"receiver_id"=>1}, :unique=>false}])
MONGODB tb['notifications'].find({:receiver_id=>BSON::ObjectId('4f3965e101c10531fa000001'), :type=>"SHR"})
MONGODB tb['system.namespaces'].find({})
MONGODB tb['system.indexes'].insert([{:name=>"nick_name_1", :ns=>"tb.users", :key=>{"nick_name"=>1}, :unique=>true}])
MONGODB tb['system.indexes'].insert([{:name=>"nick_name_1", :ns=>"tb.users", :key=>{"nick_name"=>1}, :unique=>true}])
MONGODB tb['users'].find({:userid=>"1836258752"}).limit(-1).sort([[:_id, :asc]])
MONGODB tb['system.namespaces'].find({})
MONGODB tb['system.indexes'].insert([{:name=>"nick_name_1", :ns=>"tb.users", :key=>{"nick_name"=>1}, :unique=>true}])
MONGODB tb['system.indexes'].insert([{:name=>"nick_name_1", :ns=>"tb.users", :key=>{"nick_name"=>1}, :unique=>true}])
MONGODB tb['users'].find({:_id=>BSON::ObjectId('4f3965e101c10531fa000001')}).limit(-1).sort([[:_id, :asc]])
MONGODB tb['system.namespaces'].find({})
MONGODB tb['system.indexes'].insert([{:name=>"object_id_type_1", :ns=>"tb.notifications", :key=>{"object_id_type"=>1}, :unique=>false}])
MONGODB tb['system.indexes'].insert([{:name=>"object_id_type_1", :ns=>"tb.notifications", :key=>{"object_id_type"=>1}, :unique=>false}])
MONGODB tb['system.indexes'].insert([{:name=>"receiver_id_1", :ns=>"tb.notifications", :key=>{"receiver_id"=>1}, :unique=>false}])
MONGODB tb['system.indexes'].insert([{:name=>"object_id_type_1", :ns=>"tb.notifications", :key=>{"object_id_type"=>1}, :unique=>false}])
MONGODB tb['system.indexes'].insert([{:name=>"receiver_id_1", :ns=>"tb.notifications", :key=>{"receiver_id"=>1}, :unique=>false}])
MONGODB tb['notifications'].find({:receiver_id=>BSON::ObjectId('4f3965e101c10531fa000001'), :type=>"SHR"})
MONGODB tb['system.namespaces'].find({})
MONGODB tb['system.indexes'].insert([{:name=>"nick_name_1", :ns=>"tb.users", :key=>{"nick_name"=>1}, :unique=>true}])
MONGODB tb['system.indexes'].insert([{:name=>"nick_name_1", :ns=>"tb.users", :key=>{"nick_name"=>1}, :unique=>true}])
MONGODB tb['users'].find({:_id=>BSON::ObjectId('4f3965e101c10531fa000001')}).limit(-1).sort([[:_id, :asc]])
MONGODB tb['system.namespaces'].find({})
MONGODB tb['system.indexes'].insert([{:name=>"item_id_1", :ns=>"tb.shares", :key=>{"item_id"=>1}, :background=>true}])
MONGODB tb['system.indexes'].insert([{:name=>"item_id_1", :ns=>"tb.shares", :key=>{"item_id"=>1}, :background=>true}])
MONGODB tb['system.indexes'].insert([{:name=>"user_id_1", :ns=>"tb.shares", :key=>{"user_id"=>1}, :background=>true}])
MONGODB tb['system.indexes'].insert([{:name=>"item_id_1", :ns=>"tb.shares", :key=>{"item_id"=>1}, :background=>true}])
MONGODB tb['system.indexes'].insert([{:name=>"user_id_1", :ns=>"tb.shares", :key=>{"user_id"=>1}, :background=>true}])
MONGODB tb['system.indexes'].insert([{:name=>"seller_id_1", :ns=>"tb.shares", :key=>{"seller_id"=>1}, :background=>true}])
MONGODB tb['system.indexes'].insert([{:name=>"item_id_1", :ns=>"tb.shares", :key=>{"item_id"=>1}, :background=>true}])
MONGODB tb['system.indexes'].insert([{:name=>"user_id_1", :ns=>"tb.shares", :key=>{"user_id"=>1}, :background=>true}])
MONGODB tb['system.indexes'].insert([{:name=>"seller_id_1", :ns=>"tb.shares", :key=>{"seller_id"=>1}, :background=>true}])
MONGODB tb['shares'].find({"user_id"=>BSON::ObjectId('4f3965e101c10531fa000001')})
MONGODB tb['system.namespaces'].find({})
MONGODB tb['system.indexes'].insert([{:name=>"nick_name_1", :ns=>"tb.users", :key=>{"nick_name"=>1}, :unique=>true}])
MONGODB tb['system.indexes'].insert([{:name=>"nick_name_1", :ns=>"tb.users", :key=>{"nick_name"=>1}, :unique=>true}])
MONGODB tb['users'].find({})
MONGODB tb['system.indexes'].insert([{:name=>"nick_name_1", :ns=>"tb.users", :key=>{"nick_name"=>1}, :unique=>true}])
MONGODB tb['users'].find({:_id=>BSON::ObjectId('4f3965e101c10531fa000001')}).limit(-1).sort([[:_id, :asc]])
MONGODB tb['system.namespaces'].find({})
MONGODB tb['system.indexes'].insert([{:name=>"following_id_1", :ns=>"tb.follows", :key=>{"following_id"=>1}, :unique=>false}])
MONGODB tb['system.indexes'].insert([{:name=>"following_id_1", :ns=>"tb.follows", :key=>{"following_id"=>1}, :unique=>false}])
MONGODB tb['system.indexes'].insert([{:name=>"user_id_1", :ns=>"tb.follows", :key=>{"user_id"=>1}, :unique=>false}])
MONGODB tb['system.indexes'].insert([{:name=>"following_id_1", :ns=>"tb.follows", :key=>{"following_id"=>1}, :unique=>false}])
MONGODB tb['system.indexes'].insert([{:name=>"user_id_1", :ns=>"tb.follows", :key=>{"user_id"=>1}, :unique=>false}])
MONGODB tb['follows'].find({:user_id=>BSON::ObjectId('4f3965e101c10531fa000001'), :following_id=>BSON::ObjectId('4f3d886f01c10536db000001')}, {:_id=>1}).limit(-1)
MONGODB tb['system.namespaces'].find({})
MONGODB tb['items'].find({})
MONGODB tb['system.namespaces'].find({})
MONGODB tb['system.indexes'].insert([{:name=>"item_id_1", :ns=>"tb.shares", :key=>{"item_id"=>1}, :background=>true}])
MONGODB tb['system.indexes'].insert([{:name=>"item_id_1", :ns=>"tb.shares", :key=>{"item_id"=>1}, :background=>true}])
MONGODB tb['system.indexes'].insert([{:name=>"user_id_1", :ns=>"tb.shares", :key=>{"user_id"=>1}, :background=>true}])
MONGODB tb['system.indexes'].insert([{:name=>"item_id_1", :ns=>"tb.shares", :key=>{"item_id"=>1}, :background=>true}])
MONGODB tb['system.indexes'].insert([{:name=>"user_id_1", :ns=>"tb.shares", :key=>{"user_id"=>1}, :background=>true}])
MONGODB tb['system.indexes'].insert([{:name=>"seller_id_1", :ns=>"tb.shares", :key=>{"seller_id"=>1}, :background=>true}])
MONGODB tb['system.indexes'].insert([{:name=>"item_id_1", :ns=>"tb.shares", :key=>{"item_id"=>1}, :background=>true}])
MONGODB tb['system.indexes'].insert([{:name=>"user_id_1", :ns=>"tb.shares", :key=>{"user_id"=>1}, :background=>true}])
MONGODB tb['system.indexes'].insert([{:name=>"seller_id_1", :ns=>"tb.shares", :key=>{"seller_id"=>1}, :background=>true}])
MONGODB tb['$cmd'].find({"count"=>"shares", "query"=>{"item_id"=>BSON::ObjectId('4f3772de02c105dc3c000009')}, "fields"=>nil}).limit(-1)
MONGODB tb['system.indexes'].insert([{:name=>"item_id_1", :ns=>"tb.shares", :key=>{"item_id"=>1}, :background=>true}])
MONGODB tb['system.indexes'].insert([{:name=>"user_id_1", :ns=>"tb.shares", :key=>{"user_id"=>1}, :background=>true}])
MONGODB tb['system.indexes'].insert([{:name=>"seller_id_1", :ns=>"tb.shares", :key=>{"seller_id"=>1}, :background=>true}])
MONGODB tb['$cmd'].find({"count"=>"shares", "query"=>{"item_id"=>BSON::ObjectId('4f378aee02c105dc3c00001b')}, "fields"=>nil}).limit(-1)
MONGODB tb['system.namespaces'].find({})
MONGODB tb['system.indexes'].insert([{:name=>"nick_name_1", :ns=>"tb.users", :key=>{"nick_name"=>1}, :unique=>true}])
MONGODB tb['system.indexes'].insert([{:name=>"nick_name_1", :ns=>"tb.users", :key=>{"nick_name"=>1}, :unique=>true}])
MONGODB tb['users'].find({:_id=>BSON::ObjectId('4f3965e101c10531fa000001')}).limit(-1).sort([[:_id, :asc]])
MONGODB tb['system.namespaces'].find({})
MONGODB tb['system.indexes'].insert([{:name=>"nick_name_1", :ns=>"tb.users", :key=>{"nick_name"=>1}, :unique=>true}])
MONGODB tb['system.indexes'].insert([{:name=>"nick_name_1", :ns=>"tb.users", :key=>{"nick_name"=>1}, :unique=>true}])
MONGODB tb['users'].find({:_id=>BSON::ObjectId('4f3965e101c10531fa000001')}).limit(-1).sort([[:_id, :asc]])
MONGODB tb['system.namespaces'].find({})
MONGODB tb['system.indexes'].insert([{:name=>"object_id_type_1", :ns=>"tb.notifications", :key=>{"object_id_type"=>1}, :unique=>false}])
MONGODB tb['system.indexes'].insert([{:name=>"object_id_type_1", :ns=>"tb.notifications", :key=>{"object_id_type"=>1}, :unique=>false}])
MONGODB tb['system.indexes'].insert([{:name=>"receiver_id_1", :ns=>"tb.notifications", :key=>{"receiver_id"=>1}, :unique=>false}])
MONGODB tb['system.indexes'].insert([{:name=>"object_id_type_1", :ns=>"tb.notifications", :key=>{"object_id_type"=>1}, :unique=>false}])
MONGODB tb['system.indexes'].insert([{:name=>"receiver_id_1", :ns=>"tb.notifications", :key=>{"receiver_id"=>1}, :unique=>false}])
MONGODB tb['notifications'].find({:receiver_id=>BSON::ObjectId('4f3965e101c10531fa000001'), :type=>"SHR"})
MONGODB tb['system.namespaces'].find({})
MONGODB tb['system.indexes'].insert([{:name=>"nick_name_1", :ns=>"tb.users", :key=>{"nick_name"=>1}, :unique=>true}])
MONGODB tb['system.indexes'].insert([{:name=>"nick_name_1", :ns=>"tb.users", :key=>{"nick_name"=>1}, :unique=>true}])
MONGODB tb['users'].find({:_id=>BSON::ObjectId('4f3965e101c10531fa000001')}).limit(-1).sort([[:_id, :asc]])
MONGODB tb['system.namespaces'].find({})
MONGODB tb['system.indexes'].insert([{:name=>"item_id_1", :ns=>"tb.shares", :key=>{"item_id"=>1}, :background=>true}])
MONGODB tb['system.indexes'].insert([{:name=>"item_id_1", :ns=>"tb.shares", :key=>{"item_id"=>1}, :background=>true}])
MONGODB tb['system.indexes'].insert([{:name=>"user_id_1", :ns=>"tb.shares", :key=>{"user_id"=>1}, :background=>true}])
MONGODB tb['system.indexes'].insert([{:name=>"item_id_1", :ns=>"tb.shares", :key=>{"item_id"=>1}, :background=>true}])
MONGODB tb['system.indexes'].insert([{:name=>"user_id_1", :ns=>"tb.shares", :key=>{"user_id"=>1}, :background=>true}])
MONGODB tb['system.indexes'].insert([{:name=>"seller_id_1", :ns=>"tb.shares", :key=>{"seller_id"=>1}, :background=>true}])
MONGODB tb['system.indexes'].insert([{:name=>"item_id_1", :ns=>"tb.shares", :key=>{"item_id"=>1}, :background=>true}])
MONGODB tb['system.indexes'].insert([{:name=>"user_id_1", :ns=>"tb.shares", :key=>{"user_id"=>1}, :background=>true}])
MONGODB tb['system.indexes'].insert([{:name=>"seller_id_1", :ns=>"tb.shares", :key=>{"seller_id"=>1}, :background=>true}])
MONGODB tb['shares'].find({"user_id"=>BSON::ObjectId('4f3965e101c10531fa000001')})
MONGODB tb['system.namespaces'].find({})
MONGODB tb['system.indexes'].insert([{:name=>"nick_name_1", :ns=>"tb.users", :key=>{"nick_name"=>1}, :unique=>true}])
MONGODB tb['system.indexes'].insert([{:name=>"nick_name_1", :ns=>"tb.users", :key=>{"nick_name"=>1}, :unique=>true}])
MONGODB tb['users'].find({})
MONGODB tb['system.indexes'].insert([{:name=>"nick_name_1", :ns=>"tb.users", :key=>{"nick_name"=>1}, :unique=>true}])
MONGODB tb['users'].find({:_id=>BSON::ObjectId('4f3965e101c10531fa000001')}).limit(-1).sort([[:_id, :asc]])
MONGODB tb['system.namespaces'].find({})
MONGODB tb['system.indexes'].insert([{:name=>"following_id_1", :ns=>"tb.follows", :key=>{"following_id"=>1}, :unique=>false}])
MONGODB tb['system.indexes'].insert([{:name=>"following_id_1", :ns=>"tb.follows", :key=>{"following_id"=>1}, :unique=>false}])
MONGODB tb['system.indexes'].insert([{:name=>"user_id_1", :ns=>"tb.follows", :key=>{"user_id"=>1}, :unique=>false}])
MONGODB tb['system.indexes'].insert([{:name=>"following_id_1", :ns=>"tb.follows", :key=>{"following_id"=>1}, :unique=>false}])
MONGODB tb['system.indexes'].insert([{:name=>"user_id_1", :ns=>"tb.follows", :key=>{"user_id"=>1}, :unique=>false}])
MONGODB tb['follows'].find({:user_id=>BSON::ObjectId('4f3965e101c10531fa000001'), :following_id=>BSON::ObjectId('4f3d886f01c10536db000001')}, {:_id=>1}).limit(-1)
MONGODB tb['system.namespaces'].find({})
MONGODB tb['items'].find({})
MONGODB tb['system.namespaces'].find({})
MONGODB tb['system.indexes'].insert([{:name=>"item_id_1", :ns=>"tb.shares", :key=>{"item_id"=>1}, :background=>true}])
MONGODB tb['system.indexes'].insert([{:name=>"item_id_1", :ns=>"tb.shares", :key=>{"item_id"=>1}, :background=>true}])
MONGODB tb['system.indexes'].insert([{:name=>"user_id_1", :ns=>"tb.shares", :key=>{"user_id"=>1}, :background=>true}])
MONGODB tb['system.indexes'].insert([{:name=>"item_id_1", :ns=>"tb.shares", :key=>{"item_id"=>1}, :background=>true}])
MONGODB tb['system.indexes'].insert([{:name=>"user_id_1", :ns=>"tb.shares", :key=>{"user_id"=>1}, :background=>true}])
MONGODB tb['system.indexes'].insert([{:name=>"seller_id_1", :ns=>"tb.shares", :key=>{"seller_id"=>1}, :background=>true}])
MONGODB tb['system.indexes'].insert([{:name=>"item_id_1", :ns=>"tb.shares", :key=>{"item_id"=>1}, :background=>true}])
MONGODB tb['system.indexes'].insert([{:name=>"user_id_1", :ns=>"tb.shares", :key=>{"user_id"=>1}, :background=>true}])
MONGODB tb['system.indexes'].insert([{:name=>"seller_id_1", :ns=>"tb.shares", :key=>{"seller_id"=>1}, :background=>true}])
MONGODB tb['$cmd'].find({"count"=>"shares", "query"=>{"item_id"=>BSON::ObjectId('4f3772de02c105dc3c000009')}, "fields"=>nil}).limit(-1)
MONGODB tb['system.indexes'].insert([{:name=>"item_id_1", :ns=>"tb.shares", :key=>{"item_id"=>1}, :background=>true}])
MONGODB tb['system.indexes'].insert([{:name=>"user_id_1", :ns=>"tb.shares", :key=>{"user_id"=>1}, :background=>true}])
MONGODB tb['system.indexes'].insert([{:name=>"seller_id_1", :ns=>"tb.shares", :key=>{"seller_id"=>1}, :background=>true}])
MONGODB tb['$cmd'].find({"count"=>"shares", "query"=>{"item_id"=>BSON::ObjectId('4f378aee02c105dc3c00001b')}, "fields"=>nil}).limit(-1)
MONGODB tb['system.namespaces'].find({})
MONGODB tb['system.indexes'].insert([{:name=>"nick_name_1", :ns=>"tb.users", :key=>{"nick_name"=>1}, :unique=>true}])
MONGODB tb['system.indexes'].insert([{:name=>"nick_name_1", :ns=>"tb.users", :key=>{"nick_name"=>1}, :unique=>true}])
MONGODB tb['users'].find({:_id=>BSON::ObjectId('4f3965e101c10531fa000001')}).limit(-1).sort([[:_id, :asc]])
MONGODB tb['system.namespaces'].find({})
MONGODB tb['system.indexes'].insert([{:name=>"nick_name_1", :ns=>"tb.users", :key=>{"nick_name"=>1}, :unique=>true}])
MONGODB tb['system.indexes'].insert([{:name=>"nick_name_1", :ns=>"tb.users", :key=>{"nick_name"=>1}, :unique=>true}])
MONGODB tb['users'].find({:_id=>BSON::ObjectId('4f3965e101c10531fa000001')}).limit(-1).sort([[:_id, :asc]])
MONGODB tb['system.namespaces'].find({})
MONGODB tb['system.indexes'].insert([{:name=>"object_id_type_1", :ns=>"tb.notifications", :key=>{"object_id_type"=>1}, :unique=>false}])
MONGODB tb['system.indexes'].insert([{:name=>"object_id_type_1", :ns=>"tb.notifications", :key=>{"object_id_type"=>1}, :unique=>false}])
MONGODB tb['system.indexes'].insert([{:name=>"receiver_id_1", :ns=>"tb.notifications", :key=>{"receiver_id"=>1}, :unique=>false}])
MONGODB tb['system.indexes'].insert([{:name=>"object_id_type_1", :ns=>"tb.notifications", :key=>{"object_id_type"=>1}, :unique=>false}])
MONGODB tb['system.indexes'].insert([{:name=>"receiver_id_1", :ns=>"tb.notifications", :key=>{"receiver_id"=>1}, :unique=>false}])
MONGODB tb['notifications'].find({:receiver_id=>BSON::ObjectId('4f3965e101c10531fa000001'), :type=>"SHR"})
MONGODB tb['system.namespaces'].find({})
MONGODB tb['system.indexes'].insert([{:name=>"nick_name_1", :ns=>"tb.users", :key=>{"nick_name"=>1}, :unique=>true}])
MONGODB tb['system.indexes'].insert([{:name=>"nick_name_1", :ns=>"tb.users", :key=>{"nick_name"=>1}, :unique=>true}])
MONGODB tb['users'].find({:_id=>BSON::ObjectId('4f3965e101c10531fa000001')}).limit(-1).sort([[:_id, :asc]])
MONGODB tb['system.namespaces'].find({})
MONGODB tb['system.indexes'].insert([{:name=>"item_id_1", :ns=>"tb.shares", :key=>{"item_id"=>1}, :background=>true}])
MONGODB tb['system.indexes'].insert([{:name=>"item_id_1", :ns=>"tb.shares", :key=>{"item_id"=>1}, :background=>true}])
MONGODB tb['system.indexes'].insert([{:name=>"user_id_1", :ns=>"tb.shares", :key=>{"user_id"=>1}, :background=>true}])
MONGODB tb['system.indexes'].insert([{:name=>"item_id_1", :ns=>"tb.shares", :key=>{"item_id"=>1}, :background=>true}])
MONGODB tb['system.indexes'].insert([{:name=>"user_id_1", :ns=>"tb.shares", :key=>{"user_id"=>1}, :background=>true}])
MONGODB tb['system.indexes'].insert([{:name=>"seller_id_1", :ns=>"tb.shares", :key=>{"seller_id"=>1}, :background=>true}])
MONGODB tb['system.indexes'].insert([{:name=>"item_id_1", :ns=>"tb.shares", :key=>{"item_id"=>1}, :background=>true}])
MONGODB tb['system.indexes'].insert([{:name=>"user_id_1", :ns=>"tb.shares", :key=>{"user_id"=>1}, :background=>true}])
MONGODB tb['system.indexes'].insert([{:name=>"seller_id_1", :ns=>"tb.shares", :key=>{"seller_id"=>1}, :background=>true}])
MONGODB tb['shares'].find({"user_id"=>BSON::ObjectId('4f3965e101c10531fa000001')})
MONGODB tb['system.namespaces'].find({})
MONGODB tb['items'].find({})
MONGODB tb['system.namespaces'].find({})
MONGODB tb['system.indexes'].insert([{:name=>"item_id_1", :ns=>"tb.shares", :key=>{"item_id"=>1}, :background=>true}])
MONGODB tb['system.indexes'].insert([{:name=>"item_id_1", :ns=>"tb.shares", :key=>{"item_id"=>1}, :background=>true}])
MONGODB tb['system.indexes'].insert([{:name=>"user_id_1", :ns=>"tb.shares", :key=>{"user_id"=>1}, :background=>true}])
MONGODB tb['system.indexes'].insert([{:name=>"item_id_1", :ns=>"tb.shares", :key=>{"item_id"=>1}, :background=>true}])
MONGODB tb['system.indexes'].insert([{:name=>"user_id_1", :ns=>"tb.shares", :key=>{"user_id"=>1}, :background=>true}])
MONGODB tb['system.indexes'].insert([{:name=>"seller_id_1", :ns=>"tb.shares", :key=>{"seller_id"=>1}, :background=>true}])
MONGODB tb['system.indexes'].insert([{:name=>"item_id_1", :ns=>"tb.shares", :key=>{"item_id"=>1}, :background=>true}])
MONGODB tb['system.indexes'].insert([{:name=>"user_id_1", :ns=>"tb.shares", :key=>{"user_id"=>1}, :background=>true}])
MONGODB tb['system.indexes'].insert([{:name=>"seller_id_1", :ns=>"tb.shares", :key=>{"seller_id"=>1}, :background=>true}])
MONGODB tb['$cmd'].find({"count"=>"shares", "query"=>{"item_id"=>BSON::ObjectId('4f3772de02c105dc3c000009')}, "fields"=>nil}).limit(-1)
MONGODB tb['system.indexes'].insert([{:name=>"item_id_1", :ns=>"tb.shares", :key=>{"item_id"=>1}, :background=>true}])
MONGODB tb['system.indexes'].insert([{:name=>"user_id_1", :ns=>"tb.shares", :key=>{"user_id"=>1}, :background=>true}])
MONGODB tb['system.indexes'].insert([{:name=>"seller_id_1", :ns=>"tb.shares", :key=>{"seller_id"=>1}, :background=>true}])
MONGODB tb['$cmd'].find({"count"=>"shares", "query"=>{"item_id"=>BSON::ObjectId('4f378aee02c105dc3c00001b')}, "fields"=>nil}).limit(-1)
MONGODB tb['system.namespaces'].find({})
MONGODB tb['system.indexes'].insert([{:name=>"nick_name_1", :ns=>"tb.users", :key=>{"nick_name"=>1}, :unique=>true}])
MONGODB tb['system.indexes'].insert([{:name=>"nick_name_1", :ns=>"tb.users", :key=>{"nick_name"=>1}, :unique=>true}])
MONGODB tb['users'].find({:_id=>BSON::ObjectId('4f3965e101c10531fa000001')}).limit(-1).sort([[:_id, :asc]])
MONGODB tb['system.namespaces'].find({})
MONGODB tb['system.indexes'].insert([{:name=>"nick_name_1", :ns=>"tb.users", :key=>{"nick_name"=>1}, :unique=>true}])
MONGODB tb['system.indexes'].insert([{:name=>"nick_name_1", :ns=>"tb.users", :key=>{"nick_name"=>1}, :unique=>true}])
MONGODB tb['users'].find({:_id=>BSON::ObjectId('4f3965e101c10531fa000001')}).limit(-1).sort([[:_id, :asc]])
MONGODB tb['system.namespaces'].find({})
MONGODB tb['system.indexes'].insert([{:name=>"object_id_type_1", :ns=>"tb.notifications", :key=>{"object_id_type"=>1}, :unique=>false}])
MONGODB tb['system.indexes'].insert([{:name=>"object_id_type_1", :ns=>"tb.notifications", :key=>{"object_id_type"=>1}, :unique=>false}])
MONGODB tb['system.indexes'].insert([{:name=>"receiver_id_1", :ns=>"tb.notifications", :key=>{"receiver_id"=>1}, :unique=>false}])
MONGODB tb['system.indexes'].insert([{:name=>"object_id_type_1", :ns=>"tb.notifications", :key=>{"object_id_type"=>1}, :unique=>false}])
MONGODB tb['system.indexes'].insert([{:name=>"receiver_id_1", :ns=>"tb.notifications", :key=>{"receiver_id"=>1}, :unique=>false}])
MONGODB tb['notifications'].find({:receiver_id=>BSON::ObjectId('4f3965e101c10531fa000001'), :type=>"SHR"})
MONGODB tb['system.namespaces'].find({})
MONGODB tb['system.indexes'].insert([{:name=>"nick_name_1", :ns=>"tb.users", :key=>{"nick_name"=>1}, :unique=>true}])
MONGODB tb['system.indexes'].insert([{:name=>"nick_name_1", :ns=>"tb.users", :key=>{"nick_name"=>1}, :unique=>true}])
MONGODB tb['users'].find({:_id=>BSON::ObjectId('4f3965e101c10531fa000001')}).limit(-1).sort([[:_id, :asc]])
MONGODB tb['system.namespaces'].find({})
MONGODB tb['system.indexes'].insert([{:name=>"object_id_type_1", :ns=>"tb.notifications", :key=>{"object_id_type"=>1}, :unique=>false}])
MONGODB tb['system.indexes'].insert([{:name=>"object_id_type_1", :ns=>"tb.notifications", :key=>{"object_id_type"=>1}, :unique=>false}])
MONGODB tb['system.indexes'].insert([{:name=>"receiver_id_1", :ns=>"tb.notifications", :key=>{"receiver_id"=>1}, :unique=>false}])
MONGODB tb['system.indexes'].insert([{:name=>"object_id_type_1", :ns=>"tb.notifications", :key=>{"object_id_type"=>1}, :unique=>false}])
MONGODB tb['system.indexes'].insert([{:name=>"receiver_id_1", :ns=>"tb.notifications", :key=>{"receiver_id"=>1}, :unique=>false}])
MONGODB tb['notifications'].find({:receiver_id=>BSON::ObjectId('4f3965e101c10531fa000001'), :type=>"SHR"})
MONGODB tb['system.namespaces'].find({})
MONGODB tb['system.indexes'].insert([{:name=>"nick_name_1", :ns=>"tb.users", :key=>{"nick_name"=>1}, :unique=>true}])
MONGODB tb['system.indexes'].insert([{:name=>"nick_name_1", :ns=>"tb.users", :key=>{"nick_name"=>1}, :unique=>true}])
MONGODB tb['users'].find({:_id=>BSON::ObjectId('4f3965e101c10531fa000001')}).limit(-1).sort([[:_id, :asc]])
MONGODB tb['system.namespaces'].find({})
MONGODB tb['system.indexes'].insert([{:name=>"item_id_1", :ns=>"tb.shares", :key=>{"item_id"=>1}, :background=>true}])
MONGODB tb['system.indexes'].insert([{:name=>"item_id_1", :ns=>"tb.shares", :key=>{"item_id"=>1}, :background=>true}])
MONGODB tb['system.indexes'].insert([{:name=>"user_id_1", :ns=>"tb.shares", :key=>{"user_id"=>1}, :background=>true}])
MONGODB tb['system.indexes'].insert([{:name=>"item_id_1", :ns=>"tb.shares", :key=>{"item_id"=>1}, :background=>true}])
MONGODB tb['system.indexes'].insert([{:name=>"user_id_1", :ns=>"tb.shares", :key=>{"user_id"=>1}, :background=>true}])
MONGODB tb['system.indexes'].insert([{:name=>"seller_id_1", :ns=>"tb.shares", :key=>{"seller_id"=>1}, :background=>true}])
MONGODB tb['system.indexes'].insert([{:name=>"item_id_1", :ns=>"tb.shares", :key=>{"item_id"=>1}, :background=>true}])
MONGODB tb['system.indexes'].insert([{:name=>"user_id_1", :ns=>"tb.shares", :key=>{"user_id"=>1}, :background=>true}])
MONGODB tb['system.indexes'].insert([{:name=>"seller_id_1", :ns=>"tb.shares", :key=>{"seller_id"=>1}, :background=>true}])
MONGODB tb['shares'].find({"user_id"=>BSON::ObjectId('4f3965e101c10531fa000001')})
MONGODB tb['system.namespaces'].find({})
MONGODB tb['system.indexes'].insert([{:name=>"nick_name_1", :ns=>"tb.users", :key=>{"nick_name"=>1}, :unique=>true}])
MONGODB tb['system.indexes'].insert([{:name=>"nick_name_1", :ns=>"tb.users", :key=>{"nick_name"=>1}, :unique=>true}])
MONGODB tb['users'].find({:_id=>BSON::ObjectId('4f3965e101c10531fa000001')}).limit(-1).sort([[:_id, :asc]])
MONGODB tb['system.namespaces'].find({})
MONGODB tb['system.indexes'].insert([{:name=>"object_id_type_1", :ns=>"tb.notifications", :key=>{"object_id_type"=>1}, :unique=>false}])
MONGODB tb['system.indexes'].insert([{:name=>"object_id_type_1", :ns=>"tb.notifications", :key=>{"object_id_type"=>1}, :unique=>false}])
MONGODB tb['system.indexes'].insert([{:name=>"receiver_id_1", :ns=>"tb.notifications", :key=>{"receiver_id"=>1}, :unique=>false}])
MONGODB tb['system.indexes'].insert([{:name=>"object_id_type_1", :ns=>"tb.notifications", :key=>{"object_id_type"=>1}, :unique=>false}])
MONGODB tb['system.indexes'].insert([{:name=>"receiver_id_1", :ns=>"tb.notifications", :key=>{"receiver_id"=>1}, :unique=>false}])
MONGODB tb['notifications'].find({:receiver_id=>BSON::ObjectId('4f3965e101c10531fa000001'), :type=>"SHR"})
MONGODB tb['system.namespaces'].find({})
MONGODB tb['system.indexes'].insert([{:name=>"nick_name_1", :ns=>"tb.users", :key=>{"nick_name"=>1}, :unique=>true}])
MONGODB tb['system.indexes'].insert([{:name=>"nick_name_1", :ns=>"tb.users", :key=>{"nick_name"=>1}, :unique=>true}])
MONGODB tb['users'].find({:userid=>"1836258752"}).limit(-1).sort([[:_id, :asc]])
MONGODB tb['system.namespaces'].find({})
MONGODB tb['system.indexes'].insert([{:name=>"nick_name_1", :ns=>"tb.users", :key=>{"nick_name"=>1}, :unique=>true}])
MONGODB tb['system.indexes'].insert([{:name=>"nick_name_1", :ns=>"tb.users", :key=>{"nick_name"=>1}, :unique=>true}])
MONGODB tb['users'].find({:_id=>BSON::ObjectId('4f3965e101c10531fa000001')}).limit(-1).sort([[:_id, :asc]])
MONGODB tb['system.namespaces'].find({})
MONGODB tb['system.indexes'].insert([{:name=>"object_id_type_1", :ns=>"tb.notifications", :key=>{"object_id_type"=>1}, :unique=>false}])
MONGODB tb['system.indexes'].insert([{:name=>"object_id_type_1", :ns=>"tb.notifications", :key=>{"object_id_type"=>1}, :unique=>false}])
MONGODB tb['system.indexes'].insert([{:name=>"receiver_id_1", :ns=>"tb.notifications", :key=>{"receiver_id"=>1}, :unique=>false}])
MONGODB tb['system.indexes'].insert([{:name=>"object_id_type_1", :ns=>"tb.notifications", :key=>{"object_id_type"=>1}, :unique=>false}])
MONGODB tb['system.indexes'].insert([{:name=>"receiver_id_1", :ns=>"tb.notifications", :key=>{"receiver_id"=>1}, :unique=>false}])
MONGODB tb['notifications'].find({:receiver_id=>BSON::ObjectId('4f3965e101c10531fa000001'), :type=>"SHR"})
MONGODB tb['system.namespaces'].find({})
MONGODB tb['system.indexes'].insert([{:name=>"nick_name_1", :ns=>"tb.users", :key=>{"nick_name"=>1}, :unique=>true}])
MONGODB tb['system.indexes'].insert([{:name=>"nick_name_1", :ns=>"tb.users", :key=>{"nick_name"=>1}, :unique=>true}])
MONGODB tb['users'].find({:_id=>BSON::ObjectId('4f3965e101c10531fa000001')}).limit(-1).sort([[:_id, :asc]])
MONGODB tb['system.namespaces'].find({})
MONGODB tb['system.indexes'].insert([{:name=>"object_id_type_1", :ns=>"tb.notifications", :key=>{"object_id_type"=>1}, :unique=>false}])
MONGODB tb['system.indexes'].insert([{:name=>"object_id_type_1", :ns=>"tb.notifications", :key=>{"object_id_type"=>1}, :unique=>false}])
MONGODB tb['system.indexes'].insert([{:name=>"receiver_id_1", :ns=>"tb.notifications", :key=>{"receiver_id"=>1}, :unique=>false}])
MONGODB tb['system.indexes'].insert([{:name=>"object_id_type_1", :ns=>"tb.notifications", :key=>{"object_id_type"=>1}, :unique=>false}])
MONGODB tb['system.indexes'].insert([{:name=>"receiver_id_1", :ns=>"tb.notifications", :key=>{"receiver_id"=>1}, :unique=>false}])
MONGODB tb['notifications'].find({:receiver_id=>BSON::ObjectId('4f3965e101c10531fa000001'), :type=>"SHR"})
MONGODB tb['system.namespaces'].find({})
MONGODB tb['system.indexes'].insert([{:name=>"nick_name_1", :ns=>"tb.users", :key=>{"nick_name"=>1}, :unique=>true}])
MONGODB tb['system.indexes'].insert([{:name=>"nick_name_1", :ns=>"tb.users", :key=>{"nick_name"=>1}, :unique=>true}])
MONGODB tb['users'].find({:_id=>BSON::ObjectId('4f3965e101c10531fa000001')}).limit(-1).sort([[:_id, :asc]])
MONGODB tb['system.namespaces'].find({})
MONGODB tb['system.indexes'].insert([{:name=>"item_id_1", :ns=>"tb.shares", :key=>{"item_id"=>1}, :background=>true}])
MONGODB tb['system.indexes'].insert([{:name=>"item_id_1", :ns=>"tb.shares", :key=>{"item_id"=>1}, :background=>true}])
MONGODB tb['system.indexes'].insert([{:name=>"user_id_1", :ns=>"tb.shares", :key=>{"user_id"=>1}, :background=>true}])
MONGODB tb['system.indexes'].insert([{:name=>"item_id_1", :ns=>"tb.shares", :key=>{"item_id"=>1}, :background=>true}])
MONGODB tb['system.indexes'].insert([{:name=>"user_id_1", :ns=>"tb.shares", :key=>{"user_id"=>1}, :background=>true}])
MONGODB tb['system.indexes'].insert([{:name=>"seller_id_1", :ns=>"tb.shares", :key=>{"seller_id"=>1}, :background=>true}])
MONGODB tb['system.indexes'].insert([{:name=>"item_id_1", :ns=>"tb.shares", :key=>{"item_id"=>1}, :background=>true}])
MONGODB tb['system.indexes'].insert([{:name=>"user_id_1", :ns=>"tb.shares", :key=>{"user_id"=>1}, :background=>true}])
MONGODB tb['system.indexes'].insert([{:name=>"seller_id_1", :ns=>"tb.shares", :key=>{"seller_id"=>1}, :background=>true}])
MONGODB tb['shares'].find({"user_id"=>BSON::ObjectId('4f3965e101c10531fa000001')})
MONGODB tb['system.namespaces'].find({})
MONGODB tb['system.indexes'].insert([{:name=>"nick_name_1", :ns=>"tb.users", :key=>{"nick_name"=>1}, :unique=>true}])
MONGODB tb['system.indexes'].insert([{:name=>"nick_name_1", :ns=>"tb.users", :key=>{"nick_name"=>1}, :unique=>true}])
MONGODB tb['users'].find({})
MONGODB tb['system.indexes'].insert([{:name=>"nick_name_1", :ns=>"tb.users", :key=>{"nick_name"=>1}, :unique=>true}])
MONGODB tb['users'].find({:_id=>BSON::ObjectId('4f3965e101c10531fa000001')}).limit(-1).sort([[:_id, :asc]])
MONGODB tb['system.namespaces'].find({})
MONGODB tb['system.indexes'].insert([{:name=>"following_id_1", :ns=>"tb.follows", :key=>{"following_id"=>1}, :unique=>false}])
MONGODB tb['system.indexes'].insert([{:name=>"following_id_1", :ns=>"tb.follows", :key=>{"following_id"=>1}, :unique=>false}])
MONGODB tb['system.indexes'].insert([{:name=>"user_id_1", :ns=>"tb.follows", :key=>{"user_id"=>1}, :unique=>false}])
MONGODB tb['system.indexes'].insert([{:name=>"following_id_1", :ns=>"tb.follows", :key=>{"following_id"=>1}, :unique=>false}])
MONGODB tb['system.indexes'].insert([{:name=>"user_id_1", :ns=>"tb.follows", :key=>{"user_id"=>1}, :unique=>false}])
MONGODB tb['follows'].find({:user_id=>BSON::ObjectId('4f3965e101c10531fa000001'), :following_id=>BSON::ObjectId('4f3d886f01c10536db000001')}, {:_id=>1}).limit(-1)
MONGODB tb['system.namespaces'].find({})
MONGODB tb['system.indexes'].insert([{:name=>"nick_name_1", :ns=>"tb.users", :key=>{"nick_name"=>1}, :unique=>true}])
MONGODB tb['system.indexes'].insert([{:name=>"nick_name_1", :ns=>"tb.users", :key=>{"nick_name"=>1}, :unique=>true}])
MONGODB tb['users'].find({:_id=>BSON::ObjectId('4f3965e101c10531fa000001')}).limit(-1).sort([[:_id, :asc]])
MONGODB tb['system.namespaces'].find({})
MONGODB tb['system.indexes'].insert([{:name=>"object_id_type_1", :ns=>"tb.notifications", :key=>{"object_id_type"=>1}, :unique=>false}])
MONGODB tb['system.indexes'].insert([{:name=>"object_id_type_1", :ns=>"tb.notifications", :key=>{"object_id_type"=>1}, :unique=>false}])
MONGODB tb['system.indexes'].insert([{:name=>"receiver_id_1", :ns=>"tb.notifications", :key=>{"receiver_id"=>1}, :unique=>false}])
MONGODB tb['system.indexes'].insert([{:name=>"object_id_type_1", :ns=>"tb.notifications", :key=>{"object_id_type"=>1}, :unique=>false}])
MONGODB tb['system.indexes'].insert([{:name=>"receiver_id_1", :ns=>"tb.notifications", :key=>{"receiver_id"=>1}, :unique=>false}])
MONGODB tb['notifications'].find({:receiver_id=>BSON::ObjectId('4f3965e101c10531fa000001'), :type=>"SHR"})
MONGODB tb['system.namespaces'].find({})
MONGODB tb['system.indexes'].insert([{:name=>"nick_name_1", :ns=>"tb.users", :key=>{"nick_name"=>1}, :unique=>true}])
MONGODB tb['system.indexes'].insert([{:name=>"nick_name_1", :ns=>"tb.users", :key=>{"nick_name"=>1}, :unique=>true}])
MONGODB tb['users'].find({:userid=>"sina_"}).limit(-1).sort([[:_id, :asc]])
MONGODB tb['system.namespaces'].find({})
MONGODB tb['system.indexes'].insert([{:name=>"nick_name_1", :ns=>"tb.users", :key=>{"nick_name"=>1}, :unique=>true}])
MONGODB tb['system.indexes'].insert([{:name=>"nick_name_1", :ns=>"tb.users", :key=>{"nick_name"=>1}, :unique=>true}])
MONGODB tb['users'].find({:_id=>BSON::ObjectId('4f3965e101c10531fa000001')}).limit(-1).sort([[:_id, :asc]])
MONGODB tb['system.namespaces'].find({})
MONGODB tb['system.indexes'].insert([{:name=>"object_id_type_1", :ns=>"tb.notifications", :key=>{"object_id_type"=>1}, :unique=>false}])
MONGODB tb['system.indexes'].insert([{:name=>"object_id_type_1", :ns=>"tb.notifications", :key=>{"object_id_type"=>1}, :unique=>false}])
MONGODB tb['system.indexes'].insert([{:name=>"receiver_id_1", :ns=>"tb.notifications", :key=>{"receiver_id"=>1}, :unique=>false}])
MONGODB tb['system.indexes'].insert([{:name=>"object_id_type_1", :ns=>"tb.notifications", :key=>{"object_id_type"=>1}, :unique=>false}])
MONGODB tb['system.indexes'].insert([{:name=>"receiver_id_1", :ns=>"tb.notifications", :key=>{"receiver_id"=>1}, :unique=>false}])
MONGODB tb['notifications'].find({:receiver_id=>BSON::ObjectId('4f3965e101c10531fa000001'), :type=>"SHR"})
MONGODB tb['system.namespaces'].find({})
MONGODB tb['system.indexes'].insert([{:name=>"nick_name_1", :ns=>"tb.users", :key=>{"nick_name"=>1}, :unique=>true}])
MONGODB tb['system.indexes'].insert([{:name=>"nick_name_1", :ns=>"tb.users", :key=>{"nick_name"=>1}, :unique=>true}])
MONGODB tb['users'].find({:userid=>"4f3965e101c10531fa000001"}).limit(-1).sort([[:_id, :asc]])
MONGODB tb['system.namespaces'].find({})
MONGODB tb['system.indexes'].insert([{:name=>"nick_name_1", :ns=>"tb.users", :key=>{"nick_name"=>1}, :unique=>true}])
MONGODB tb['system.indexes'].insert([{:name=>"nick_name_1", :ns=>"tb.users", :key=>{"nick_name"=>1}, :unique=>true}])
MONGODB tb['users'].find({:userid=>"1836258752"}).limit(-1).sort([[:_id, :asc]])
MONGODB tb['system.namespaces'].find({})
MONGODB tb['system.indexes'].insert([{:name=>"item_id_1", :ns=>"tb.shares", :key=>{"item_id"=>1}, :background=>true}])
MONGODB tb['system.indexes'].insert([{:name=>"item_id_1", :ns=>"tb.shares", :key=>{"item_id"=>1}, :background=>true}])
MONGODB tb['system.indexes'].insert([{:name=>"user_id_1", :ns=>"tb.shares", :key=>{"user_id"=>1}, :background=>true}])
MONGODB tb['system.indexes'].insert([{:name=>"item_id_1", :ns=>"tb.shares", :key=>{"item_id"=>1}, :background=>true}])
MONGODB tb['system.indexes'].insert([{:name=>"user_id_1", :ns=>"tb.shares", :key=>{"user_id"=>1}, :background=>true}])
MONGODB tb['system.indexes'].insert([{:name=>"seller_id_1", :ns=>"tb.shares", :key=>{"seller_id"=>1}, :background=>true}])
MONGODB tb['system.namespaces'].find({})
MONGODB tb['system.indexes'].insert([{:name=>"user_id_1", :ns=>"tb.choices", :key=>{"user_id"=>1}, :background=>true}])
MONGODB tb['system.indexes'].insert([{:name=>"nick_name_1", :ns=>"tb.users", :key=>{"nick_name"=>1}, :unique=>true}])
MONGODB tb['$cmd'].find({"count"=>"users", "query"=>{:nick_name=>nil}, "fields"=>nil}).limit(-1)
MONGODB tb['system.indexes'].insert([{:name=>"nick_name_1", :ns=>"tb.users", :key=>{"nick_name"=>1}, :unique=>true}])
MONGODB tb['users'].insert([{"_id"=>BSON::ObjectId('4f3f36c401c1051d17000001'), "userid"=>"1836258752"}])
MONGODB tb['system.namespaces'].find({})
MONGODB tb['system.indexes'].insert([{:name=>"nick_name_1", :ns=>"tb.users", :key=>{"nick_name"=>1}, :unique=>true}])
MONGODB tb['system.indexes'].insert([{:name=>"nick_name_1", :ns=>"tb.users", :key=>{"nick_name"=>1}, :unique=>true}])
MONGODB tb['users'].find({:_id=>BSON::ObjectId('4f3f36c401c1051d17000001')}).limit(-1).sort([[:_id, :asc]])
MONGODB tb['system.indexes'].insert([{:name=>"nick_name_1", :ns=>"tb.users", :key=>{"nick_name"=>1}, :unique=>true}])
MONGODB tb['users'].find({:_id=>BSON::ObjectId('4f3f36c401c1051d17000001')}).limit(-1).sort([[:_id, :asc]])
MONGODB tb['system.namespaces'].find({})
MONGODB tb['system.indexes'].insert([{:name=>"nick_name_1", :ns=>"tb.users", :key=>{"nick_name"=>1}, :unique=>true}])
MONGODB tb['system.namespaces'].find({})
MONGODB tb['system.indexes'].insert([{:name=>"nick_name_1", :ns=>"tb.users", :key=>{"nick_name"=>1}, :unique=>true}])
MONGODB tb['system.namespaces'].find({})
MONGODB tb['system.indexes'].insert([{:name=>"nick_name_1", :ns=>"tb.users", :key=>{"nick_name"=>1}, :unique=>true}])
MONGODB tb['system.namespaces'].find({})
MONGODB tb['system.indexes'].insert([{:name=>"nick_name_1", :ns=>"tb.users", :key=>{"nick_name"=>1}, :unique=>true}])
MONGODB tb['system.namespaces'].find({})
MONGODB tb['system.indexes'].insert([{:name=>"nick_name_1", :ns=>"tb.users", :key=>{"nick_name"=>1}, :unique=>true}])
MONGODB tb['system.namespaces'].find({})
MONGODB tb['system.indexes'].insert([{:name=>"nick_name_1", :ns=>"tb.users", :key=>{"nick_name"=>1}, :unique=>true}])
MONGODB tb['system.indexes'].insert([{:name=>"nick_name_1", :ns=>"tb.users", :key=>{"nick_name"=>1}, :unique=>true}])
MONGODB tb['users'].find({:_id=>BSON::ObjectId('4f3f36c401c1051d17000001')}).limit(-1).sort([[:_id, :asc]])
MONGODB tb['system.namespaces'].find({})
MONGODB tb['system.indexes'].insert([{:name=>"item_id_1", :ns=>"tb.shares", :key=>{"item_id"=>1}, :background=>true}])
MONGODB tb['system.indexes'].insert([{:name=>"item_id_1", :ns=>"tb.shares", :key=>{"item_id"=>1}, :background=>true}])
MONGODB tb['system.indexes'].insert([{:name=>"user_id_1", :ns=>"tb.shares", :key=>{"user_id"=>1}, :background=>true}])
MONGODB tb['system.indexes'].insert([{:name=>"item_id_1", :ns=>"tb.shares", :key=>{"item_id"=>1}, :background=>true}])
MONGODB tb['system.indexes'].insert([{:name=>"user_id_1", :ns=>"tb.shares", :key=>{"user_id"=>1}, :background=>true}])
MONGODB tb['system.indexes'].insert([{:name=>"seller_id_1", :ns=>"tb.shares", :key=>{"seller_id"=>1}, :background=>true}])
MONGODB tb['system.namespaces'].find({})
MONGODB tb['system.indexes'].insert([{:name=>"user_id_1", :ns=>"tb.choices", :key=>{"user_id"=>1}, :background=>true}])
MONGODB tb['system.indexes'].insert([{:name=>"nick_name_1", :ns=>"tb.users", :key=>{"nick_name"=>1}, :unique=>true}])
MONGODB tb['$cmd'].find({"count"=>"users", "query"=>{:nick_name=>"Sai_djdy_T", :_id=>{"$ne"=>BSON::ObjectId('4f3f36c401c1051d17000001')}}, "fields"=>nil}).limit(-1)
MONGODB tb['system.indexes'].insert([{:name=>"nick_name_1", :ns=>"tb.users", :key=>{"nick_name"=>1}, :unique=>true}])
MONGODB tb['users'].update({"_id"=>BSON::ObjectId('4f3f36c401c1051d17000001')}, {"$set"=>{"nick_name"=>"Sai_djdy_T", "email"=>"a@b.com", "password"=>"$2a$10$u/kRbItwKjEPAsHTkxyNUeu0nW7IvbwD4VmoxfFlD50YWGt986l.O", "password_salt"=>"$2a$10$u/kRbItwKjEPAsHTkxyNUe"}})
MONGODB tb['system.namespaces'].find({})
MONGODB tb['system.indexes'].insert([{:name=>"nick_name_1", :ns=>"tb.users", :key=>{"nick_name"=>1}, :unique=>true}])
MONGODB tb['system.indexes'].insert([{:name=>"nick_name_1", :ns=>"tb.users", :key=>{"nick_name"=>1}, :unique=>true}])
MONGODB tb['users'].find({:_id=>BSON::ObjectId('4f3f36c401c1051d17000001')}).limit(-1).sort([[:_id, :asc]])
MONGODB tb['system.namespaces'].find({})
MONGODB tb['system.indexes'].insert([{:name=>"following_id_1", :ns=>"tb.follows", :key=>{"following_id"=>1}, :unique=>false}])
MONGODB tb['system.indexes'].insert([{:name=>"following_id_1", :ns=>"tb.follows", :key=>{"following_id"=>1}, :unique=>false}])
MONGODB tb['system.indexes'].insert([{:name=>"user_id_1", :ns=>"tb.follows", :key=>{"user_id"=>1}, :unique=>false}])
MONGODB tb['system.indexes'].insert([{:name=>"following_id_1", :ns=>"tb.follows", :key=>{"following_id"=>1}, :unique=>false}])
MONGODB tb['system.indexes'].insert([{:name=>"user_id_1", :ns=>"tb.follows", :key=>{"user_id"=>1}, :unique=>false}])
MONGODB tb['follows'].find({:user_id=>BSON::ObjectId('4f3f36c401c1051d17000001')})
MONGODB tb['system.indexes'].insert([{:name=>"following_id_1", :ns=>"tb.follows", :key=>{"following_id"=>1}, :unique=>false}])
MONGODB tb['system.indexes'].insert([{:name=>"user_id_1", :ns=>"tb.follows", :key=>{"user_id"=>1}, :unique=>false}])
MONGODB tb['follows'].find({:following_id=>BSON::ObjectId('4f3f36c401c1051d17000001')})
MONGODB tb['system.namespaces'].find({})
MONGODB tb['system.indexes'].insert([{:name=>"item_id_1", :ns=>"tb.shares", :key=>{"item_id"=>1}, :background=>true}])
MONGODB tb['system.indexes'].insert([{:name=>"item_id_1", :ns=>"tb.shares", :key=>{"item_id"=>1}, :background=>true}])
MONGODB tb['system.indexes'].insert([{:name=>"user_id_1", :ns=>"tb.shares", :key=>{"user_id"=>1}, :background=>true}])
MONGODB tb['system.indexes'].insert([{:name=>"item_id_1", :ns=>"tb.shares", :key=>{"item_id"=>1}, :background=>true}])
MONGODB tb['system.indexes'].insert([{:name=>"user_id_1", :ns=>"tb.shares", :key=>{"user_id"=>1}, :background=>true}])
MONGODB tb['system.indexes'].insert([{:name=>"seller_id_1", :ns=>"tb.shares", :key=>{"seller_id"=>1}, :background=>true}])
MONGODB tb['system.indexes'].insert([{:name=>"item_id_1", :ns=>"tb.shares", :key=>{"item_id"=>1}, :background=>true}])
MONGODB tb['system.indexes'].insert([{:name=>"user_id_1", :ns=>"tb.shares", :key=>{"user_id"=>1}, :background=>true}])
MONGODB tb['system.indexes'].insert([{:name=>"seller_id_1", :ns=>"tb.shares", :key=>{"seller_id"=>1}, :background=>true}])
MONGODB tb['shares'].find({"user_id"=>BSON::ObjectId('4f3f36c401c1051d17000001')})
MONGODB tb['system.namespaces'].find({})
MONGODB tb['system.indexes'].insert([{:name=>"user_id_1", :ns=>"tb.choices", :key=>{"user_id"=>1}, :background=>true}])
MONGODB tb['system.indexes'].insert([{:name=>"user_id_1", :ns=>"tb.choices", :key=>{"user_id"=>1}, :background=>true}])
MONGODB tb['choices'].find({:user_id=>BSON::ObjectId('4f3f36c401c1051d17000001'), :type=>"LIK"})
MONGODB tb['system.indexes'].insert([{:name=>"user_id_1", :ns=>"tb.choices", :key=>{"user_id"=>1}, :background=>true}])
MONGODB tb['choices'].find({:user_id=>BSON::ObjectId('4f3f36c401c1051d17000001'), :type=>"WSH"})
MONGODB tb['system.indexes'].insert([{:name=>"user_id_1", :ns=>"tb.choices", :key=>{"user_id"=>1}, :background=>true}])
MONGODB tb['choices'].find({:user_id=>BSON::ObjectId('4f3f36c401c1051d17000001'), :type=>"RCM"})
MONGODB tb['system.namespaces'].find({})
MONGODB tb['system.indexes'].insert([{:name=>"object_id_type_1", :ns=>"tb.notifications", :key=>{"object_id_type"=>1}, :unique=>false}])
MONGODB tb['system.indexes'].insert([{:name=>"object_id_type_1", :ns=>"tb.notifications", :key=>{"object_id_type"=>1}, :unique=>false}])
MONGODB tb['system.indexes'].insert([{:name=>"receiver_id_1", :ns=>"tb.notifications", :key=>{"receiver_id"=>1}, :unique=>false}])
MONGODB tb['system.indexes'].insert([{:name=>"object_id_type_1", :ns=>"tb.notifications", :key=>{"object_id_type"=>1}, :unique=>false}])
MONGODB tb['system.indexes'].insert([{:name=>"receiver_id_1", :ns=>"tb.notifications", :key=>{"receiver_id"=>1}, :unique=>false}])
MONGODB tb['notifications'].find({:receiver_id=>BSON::ObjectId('4f3f36c401c1051d17000001')})
MONGODB tb['system.indexes'].insert([{:name=>"nick_name_1", :ns=>"tb.users", :key=>{"nick_name"=>1}, :unique=>true}])
MONGODB tb['users'].find({:_id=>BSON::ObjectId('4f3f36c401c1051d17000001')}).limit(-1).sort([[:_id, :asc]])
MONGODB tb['system.namespaces'].find({})
MONGODB tb['system.indexes'].insert([{:name=>"nick_name_1", :ns=>"tb.users", :key=>{"nick_name"=>1}, :unique=>true}])
MONGODB tb['system.indexes'].insert([{:name=>"nick_name_1", :ns=>"tb.users", :key=>{"nick_name"=>1}, :unique=>true}])
MONGODB tb['users'].find({:_id=>BSON::ObjectId('4f3f36c401c1051d17000001')}).limit(-1).sort([[:_id, :asc]])
MONGODB tb['system.namespaces'].find({})
MONGODB tb['system.indexes'].insert([{:name=>"object_id_type_1", :ns=>"tb.notifications", :key=>{"object_id_type"=>1}, :unique=>false}])
MONGODB tb['system.indexes'].insert([{:name=>"object_id_type_1", :ns=>"tb.notifications", :key=>{"object_id_type"=>1}, :unique=>false}])
MONGODB tb['system.indexes'].insert([{:name=>"receiver_id_1", :ns=>"tb.notifications", :key=>{"receiver_id"=>1}, :unique=>false}])
MONGODB tb['system.indexes'].insert([{:name=>"object_id_type_1", :ns=>"tb.notifications", :key=>{"object_id_type"=>1}, :unique=>false}])
MONGODB tb['system.indexes'].insert([{:name=>"receiver_id_1", :ns=>"tb.notifications", :key=>{"receiver_id"=>1}, :unique=>false}])
MONGODB tb['notifications'].find({:receiver_id=>BSON::ObjectId('4f3f36c401c1051d17000001'), :type=>"SHR"})
MONGODB tb['system.namespaces'].find({})
MONGODB tb['system.indexes'].insert([{:name=>"nick_name_1", :ns=>"tb.users", :key=>{"nick_name"=>1}, :unique=>true}])
MONGODB tb['system.indexes'].insert([{:name=>"nick_name_1", :ns=>"tb.users", :key=>{"nick_name"=>1}, :unique=>true}])
MONGODB tb['users'].find({:userid=>"4f3f36c401c1051d17000001"}).limit(-1).sort([[:_id, :asc]])
MONGODB tb['system.namespaces'].find({})
MONGODB tb['system.indexes'].insert([{:name=>"nick_name_1", :ns=>"tb.users", :key=>{"nick_name"=>1}, :unique=>true}])
MONGODB tb['system.indexes'].insert([{:name=>"nick_name_1", :ns=>"tb.users", :key=>{"nick_name"=>1}, :unique=>true}])
MONGODB tb['users'].find({:userid=>"1836258752"}).limit(-1).sort([[:_id, :asc]])
MONGODB tb['system.namespaces'].find({})
MONGODB tb['system.indexes'].insert([{:name=>"nick_name_1", :ns=>"tb.users", :key=>{"nick_name"=>1}, :unique=>true}])
MONGODB tb['system.indexes'].insert([{:name=>"nick_name_1", :ns=>"tb.users", :key=>{"nick_name"=>1}, :unique=>true}])
MONGODB tb['users'].find({:_id=>BSON::ObjectId('4f3f36c401c1051d17000001')}).limit(-1).sort([[:_id, :asc]])
MONGODB tb['system.namespaces'].find({})
MONGODB tb['system.indexes'].insert([{:name=>"object_id_type_1", :ns=>"tb.notifications", :key=>{"object_id_type"=>1}, :unique=>false}])
MONGODB tb['system.indexes'].insert([{:name=>"object_id_type_1", :ns=>"tb.notifications", :key=>{"object_id_type"=>1}, :unique=>false}])
MONGODB tb['system.indexes'].insert([{:name=>"receiver_id_1", :ns=>"tb.notifications", :key=>{"receiver_id"=>1}, :unique=>false}])
MONGODB tb['system.indexes'].insert([{:name=>"object_id_type_1", :ns=>"tb.notifications", :key=>{"object_id_type"=>1}, :unique=>false}])
MONGODB tb['system.indexes'].insert([{:name=>"receiver_id_1", :ns=>"tb.notifications", :key=>{"receiver_id"=>1}, :unique=>false}])
MONGODB tb['notifications'].find({:receiver_id=>BSON::ObjectId('4f3f36c401c1051d17000001'), :type=>"SHR"})
MONGODB tb['system.namespaces'].find({})
MONGODB tb['system.indexes'].insert([{:name=>"nick_name_1", :ns=>"tb.users", :key=>{"nick_name"=>1}, :unique=>true}])
MONGODB tb['system.indexes'].insert([{:name=>"nick_name_1", :ns=>"tb.users", :key=>{"nick_name"=>1}, :unique=>true}])
MONGODB tb['users'].find({:_id=>BSON::ObjectId('4f3f36c401c1051d17000001')}).limit(-1).sort([[:_id, :asc]])
MONGODB tb['system.namespaces'].find({})
MONGODB tb['system.indexes'].insert([{:name=>"object_id_type_1", :ns=>"tb.notifications", :key=>{"object_id_type"=>1}, :unique=>false}])
MONGODB tb['system.indexes'].insert([{:name=>"object_id_type_1", :ns=>"tb.notifications", :key=>{"object_id_type"=>1}, :unique=>false}])
MONGODB tb['system.indexes'].insert([{:name=>"receiver_id_1", :ns=>"tb.notifications", :key=>{"receiver_id"=>1}, :unique=>false}])
MONGODB tb['system.indexes'].insert([{:name=>"object_id_type_1", :ns=>"tb.notifications", :key=>{"object_id_type"=>1}, :unique=>false}])
MONGODB tb['system.indexes'].insert([{:name=>"receiver_id_1", :ns=>"tb.notifications", :key=>{"receiver_id"=>1}, :unique=>false}])
MONGODB tb['notifications'].find({:receiver_id=>BSON::ObjectId('4f3f36c401c1051d17000001'), :type=>"SHR"})
MONGODB tb['system.namespaces'].find({})
MONGODB tb['system.indexes'].insert([{:name=>"nick_name_1", :ns=>"tb.users", :key=>{"nick_name"=>1}, :unique=>true}])
MONGODB tb['system.indexes'].insert([{:name=>"nick_name_1", :ns=>"tb.users", :key=>{"nick_name"=>1}, :unique=>true}])
MONGODB tb['users'].find({:_id=>BSON::ObjectId('4f3f36c401c1051d17000001')}).limit(-1).sort([[:_id, :asc]])
MONGODB tb['system.namespaces'].find({})
MONGODB tb['system.indexes'].insert([{:name=>"item_id_1", :ns=>"tb.shares", :key=>{"item_id"=>1}, :background=>true}])
MONGODB tb['system.indexes'].insert([{:name=>"item_id_1", :ns=>"tb.shares", :key=>{"item_id"=>1}, :background=>true}])
MONGODB tb['system.indexes'].insert([{:name=>"user_id_1", :ns=>"tb.shares", :key=>{"user_id"=>1}, :background=>true}])
MONGODB tb['system.indexes'].insert([{:name=>"item_id_1", :ns=>"tb.shares", :key=>{"item_id"=>1}, :background=>true}])
MONGODB tb['system.indexes'].insert([{:name=>"user_id_1", :ns=>"tb.shares", :key=>{"user_id"=>1}, :background=>true}])
MONGODB tb['system.indexes'].insert([{:name=>"seller_id_1", :ns=>"tb.shares", :key=>{"seller_id"=>1}, :background=>true}])
MONGODB tb['system.indexes'].insert([{:name=>"item_id_1", :ns=>"tb.shares", :key=>{"item_id"=>1}, :background=>true}])
MONGODB tb['system.indexes'].insert([{:name=>"user_id_1", :ns=>"tb.shares", :key=>{"user_id"=>1}, :background=>true}])
MONGODB tb['system.indexes'].insert([{:name=>"seller_id_1", :ns=>"tb.shares", :key=>{"seller_id"=>1}, :background=>true}])
MONGODB tb['shares'].find({"user_id"=>BSON::ObjectId('4f3f36c401c1051d17000001')})
MONGODB tb['system.namespaces'].find({})
MONGODB tb['system.indexes'].insert([{:name=>"nick_name_1", :ns=>"tb.users", :key=>{"nick_name"=>1}, :unique=>true}])
MONGODB tb['system.indexes'].insert([{:name=>"nick_name_1", :ns=>"tb.users", :key=>{"nick_name"=>1}, :unique=>true}])
MONGODB tb['users'].find({})
MONGODB tb['system.indexes'].insert([{:name=>"nick_name_1", :ns=>"tb.users", :key=>{"nick_name"=>1}, :unique=>true}])
MONGODB tb['users'].find({:_id=>BSON::ObjectId('4f3f36c401c1051d17000001')}).limit(-1).sort([[:_id, :asc]])
MONGODB tb['system.namespaces'].find({})
MONGODB tb['system.indexes'].insert([{:name=>"nick_name_1", :ns=>"tb.users", :key=>{"nick_name"=>1}, :unique=>true}])
MONGODB tb['system.indexes'].insert([{:name=>"nick_name_1", :ns=>"tb.users", :key=>{"nick_name"=>1}, :unique=>true}])
MONGODB tb['users'].find({:_id=>BSON::ObjectId('4f3f36c401c1051d17000001')}).limit(-1).sort([[:_id, :asc]])
MONGODB tb['system.namespaces'].find({})
MONGODB tb['system.indexes'].insert([{:name=>"object_id_type_1", :ns=>"tb.notifications", :key=>{"object_id_type"=>1}, :unique=>false}])
MONGODB tb['system.indexes'].insert([{:name=>"object_id_type_1", :ns=>"tb.notifications", :key=>{"object_id_type"=>1}, :unique=>false}])
MONGODB tb['system.indexes'].insert([{:name=>"receiver_id_1", :ns=>"tb.notifications", :key=>{"receiver_id"=>1}, :unique=>false}])
MONGODB tb['system.indexes'].insert([{:name=>"object_id_type_1", :ns=>"tb.notifications", :key=>{"object_id_type"=>1}, :unique=>false}])
MONGODB tb['system.indexes'].insert([{:name=>"receiver_id_1", :ns=>"tb.notifications", :key=>{"receiver_id"=>1}, :unique=>false}])
MONGODB tb['notifications'].find({:receiver_id=>BSON::ObjectId('4f3f36c401c1051d17000001'), :type=>"SHR"})
MONGODB tb['system.namespaces'].find({})
MONGODB tb['system.indexes'].insert([{:name=>"nick_name_1", :ns=>"tb.users", :key=>{"nick_name"=>1}, :unique=>true}])
MONGODB tb['system.indexes'].insert([{:name=>"nick_name_1", :ns=>"tb.users", :key=>{"nick_name"=>1}, :unique=>true}])
MONGODB tb['users'].find({:_id=>BSON::ObjectId('4f3f36c401c1051d17000001')}).limit(-1).sort([[:_id, :asc]])
MONGODB tb['system.namespaces'].find({})
MONGODB tb['system.indexes'].insert([{:name=>"item_id_1", :ns=>"tb.shares", :key=>{"item_id"=>1}, :background=>true}])
MONGODB tb['system.indexes'].insert([{:name=>"item_id_1", :ns=>"tb.shares", :key=>{"item_id"=>1}, :background=>true}])
MONGODB tb['system.indexes'].insert([{:name=>"user_id_1", :ns=>"tb.shares", :key=>{"user_id"=>1}, :background=>true}])
MONGODB tb['system.indexes'].insert([{:name=>"item_id_1", :ns=>"tb.shares", :key=>{"item_id"=>1}, :background=>true}])
MONGODB tb['system.indexes'].insert([{:name=>"user_id_1", :ns=>"tb.shares", :key=>{"user_id"=>1}, :background=>true}])
MONGODB tb['system.indexes'].insert([{:name=>"seller_id_1", :ns=>"tb.shares", :key=>{"seller_id"=>1}, :background=>true}])
MONGODB tb['system.indexes'].insert([{:name=>"item_id_1", :ns=>"tb.shares", :key=>{"item_id"=>1}, :background=>true}])
MONGODB tb['system.indexes'].insert([{:name=>"user_id_1", :ns=>"tb.shares", :key=>{"user_id"=>1}, :background=>true}])
MONGODB tb['system.indexes'].insert([{:name=>"seller_id_1", :ns=>"tb.shares", :key=>{"seller_id"=>1}, :background=>true}])
MONGODB tb['shares'].find({"user_id"=>BSON::ObjectId('4f3f36c401c1051d17000001')})
MONGODB tb['system.namespaces'].find({})
MONGODB tb['system.indexes'].insert([{:name=>"nick_name_1", :ns=>"tb.users", :key=>{"nick_name"=>1}, :unique=>true}])
MONGODB tb['system.indexes'].insert([{:name=>"nick_name_1", :ns=>"tb.users", :key=>{"nick_name"=>1}, :unique=>true}])
MONGODB tb['users'].find({})
MONGODB tb['system.indexes'].insert([{:name=>"nick_name_1", :ns=>"tb.users", :key=>{"nick_name"=>1}, :unique=>true}])
MONGODB tb['users'].find({:_id=>BSON::ObjectId('4f3f36c401c1051d17000001')}).limit(-1).sort([[:_id, :asc]])
MONGODB tb['system.namespaces'].find({})
MONGODB tb['system.indexes'].insert([{:name=>"nick_name_1", :ns=>"tb.users", :key=>{"nick_name"=>1}, :unique=>true}])
MONGODB tb['system.indexes'].insert([{:name=>"nick_name_1", :ns=>"tb.users", :key=>{"nick_name"=>1}, :unique=>true}])
MONGODB tb['users'].find({:_id=>BSON::ObjectId('4f3f36c401c1051d17000001')}).limit(-1).sort([[:_id, :asc]])
MONGODB tb['system.namespaces'].find({})
MONGODB tb['system.indexes'].insert([{:name=>"item_id_1", :ns=>"tb.shares", :key=>{"item_id"=>1}, :background=>true}])
MONGODB tb['system.indexes'].insert([{:name=>"item_id_1", :ns=>"tb.shares", :key=>{"item_id"=>1}, :background=>true}])
MONGODB tb['system.indexes'].insert([{:name=>"user_id_1", :ns=>"tb.shares", :key=>{"user_id"=>1}, :background=>true}])
MONGODB tb['system.indexes'].insert([{:name=>"item_id_1", :ns=>"tb.shares", :key=>{"item_id"=>1}, :background=>true}])
MONGODB tb['system.indexes'].insert([{:name=>"user_id_1", :ns=>"tb.shares", :key=>{"user_id"=>1}, :background=>true}])
MONGODB tb['system.indexes'].insert([{:name=>"seller_id_1", :ns=>"tb.shares", :key=>{"seller_id"=>1}, :background=>true}])
MONGODB tb['system.indexes'].insert([{:name=>"item_id_1", :ns=>"tb.shares", :key=>{"item_id"=>1}, :background=>true}])
MONGODB tb['system.indexes'].insert([{:name=>"user_id_1", :ns=>"tb.shares", :key=>{"user_id"=>1}, :background=>true}])
MONGODB tb['system.indexes'].insert([{:name=>"seller_id_1", :ns=>"tb.shares", :key=>{"seller_id"=>1}, :background=>true}])
MONGODB tb['shares'].find({"user_id"=>BSON::ObjectId('4f3f36c401c1051d17000001')})
MONGODB [WARNING] Please note that logging negatively impacts client-side performance. You should set your logging level no lower than :info in production.
MONGODB admin['$cmd'].find({:ismaster=>1}).limit(-1)
MONGODB [WARNING] Please note that logging negatively impacts client-side performance. You should set your logging level no lower than :info in production.
MONGODB [WARNING] Please note that logging negatively impacts client-side performance. You should set your logging level no lower than :info in production.
MONGODB admin['$cmd'].find({:ismaster=>1}).limit(-1)
MONGODB tb['system.namespaces'].find({})
MONGODB tb['system.indexes'].insert([{:name=>"nick_name_1", :ns=>"tb.users", :key=>{"nick_name"=>1}, :unique=>true}])
MONGODB [WARNING] Please note that logging negatively impacts client-side performance. You should set your logging level no lower than :info in production.
MONGODB admin['$cmd'].find({:ismaster=>1}).limit(-1)
MONGODB [WARNING] Please note that logging negatively impacts client-side performance. You should set your logging level no lower than :info in production.
MONGODB admin['$cmd'].find({:ismaster=>1}).limit(-1)
MONGODB tb['system.namespaces'].find({})
MONGODB tb['system.indexes'].insert([{:name=>"nick_name_1", :ns=>"tb.users", :key=>{"nick_name"=>1}, :unique=>true}])
MONGODB tb['system.namespaces'].find({})
MONGODB tb['system.indexes'].insert([{:name=>"nick_name_1", :ns=>"tb.users", :key=>{"nick_name"=>1}, :unique=>true}])
MONGODB [WARNING] Please note that logging negatively impacts client-side performance. You should set your logging level no lower than :info in production.
MONGODB admin['$cmd'].find({:ismaster=>1}).limit(-1)
MONGODB [WARNING] Please note that logging negatively impacts client-side performance. You should set your logging level no lower than :info in production.
MONGODB admin['$cmd'].find({:ismaster=>1}).limit(-1)
MONGODB [WARNING] Please note that logging negatively impacts client-side performance. You should set your logging level no lower than :info in production.
MONGODB admin['$cmd'].find({:ismaster=>1}).limit(-1)
MONGODB tb['system.namespaces'].find({})
MONGODB tb['system.indexes'].insert([{:name=>"nick_name_1", :ns=>"tb.users", :key=>{"nick_name"=>1}, :unique=>true}])
MONGODB [WARNING] Please note that logging negatively impacts client-side performance. You should set your logging level no lower than :info in production.
MONGODB admin['$cmd'].find({:ismaster=>1}).limit(-1)
MONGODB tb['system.namespaces'].find({})
MONGODB tb['system.indexes'].insert([{:name=>"nick_name_1", :ns=>"tb.users", :key=>{"nick_name"=>1}, :unique=>true}])
MONGODB tb['system.indexes'].insert([{:name=>"nick_name_1", :ns=>"tb.users", :key=>{"nick_name"=>1}, :unique=>true}])
MONGODB tb['users'].find({:userid=>"1836258752"}).limit(-1).sort([[:_id, :asc]])
MONGODB tb['system.namespaces'].find({})
MONGODB tb['system.indexes'].insert([{:name=>"nick_name_1", :ns=>"tb.users", :key=>{"nick_name"=>1}, :unique=>true}])
MONGODB tb['system.indexes'].insert([{:name=>"nick_name_1", :ns=>"tb.users", :key=>{"nick_name"=>1}, :unique=>true}])
MONGODB tb['users'].find({:_id=>BSON::ObjectId('4f3f36c401c1051d17000001')}).limit(-1).sort([[:_id, :asc]])
MONGODB tb['system.namespaces'].find({})
MONGODB tb['system.indexes'].insert([{:name=>"object_id_type_1", :ns=>"tb.notifications", :key=>{"object_id_type"=>1}, :unique=>false}])
MONGODB tb['system.indexes'].insert([{:name=>"object_id_type_1", :ns=>"tb.notifications", :key=>{"object_id_type"=>1}, :unique=>false}])
MONGODB tb['system.indexes'].insert([{:name=>"receiver_id_1", :ns=>"tb.notifications", :key=>{"receiver_id"=>1}, :unique=>false}])
MONGODB tb['system.indexes'].insert([{:name=>"object_id_type_1", :ns=>"tb.notifications", :key=>{"object_id_type"=>1}, :unique=>false}])
MONGODB tb['system.indexes'].insert([{:name=>"receiver_id_1", :ns=>"tb.notifications", :key=>{"receiver_id"=>1}, :unique=>false}])
MONGODB tb['notifications'].find({:receiver_id=>BSON::ObjectId('4f3f36c401c1051d17000001'), :type=>"SHR"})
